GNU gdb (Ubuntu 9.2-0ubuntu1~20.04.1) 9.2
Copyright (C) 2020 Free Software Foundation, Inc.
License GPLv3+: GNU GPL version 3 or later <http://gnu.org/licenses/gpl.html>
This is free software: you are free to change and redistribute it.
There is NO WARRANTY, to the extent permitted by law.
Type "show copying" and "show warranty" for details.
This GDB was configured as "x86_64-linux-gnu".
Type "show configuration" for configuration details.
For bug reporting instructions, please see:
<http://www.gnu.org/software/gdb/bugs/>.
Find the GDB manual and other documentation resources online at:
    <http://www.gnu.org/software/gdb/documentation/>.

For help, type "help".
Type "apropos word" to search for commands related to "word".
[New LWP 20707]
[New LWP 20708]
[New LWP 20709]
[New LWP 20710]
[New LWP 20711]
[New LWP 20712]
[New LWP 20713]
[New LWP 20714]
[New LWP 20715]
[New LWP 20716]
[New LWP 20719]
[New LWP 21648]
[New LWP 21649]
[New LWP 21650]
[Thread debugging using libthread_db enabled]
Using host libthread_db library "/lib/x86_64-linux-gnu/libthread_db.so.1".
0x00007f2523b0e49e in epoll_wait (epfd=44, events=0x7f240ac90170, maxevents=2, 
    timeout=-1) at ../sysdeps/unix/sysv/linux/epoll_wait.c:30

Stack backtrace
---------------
    maxevents=2, timeout=-1) at ../sysdeps/unix/sysv/linux/epoll_wait.c:30
        resultvar = 18446744073709551612
        sc_cancel_oldtype = 0
        sc_ret = <optimized out>
#1  0x000000000063722a in ?? ()
No symbol table info available.
#2  0x000000000050490e in ?? ()
No symbol table info available.
#3  0x000000000056b5e0 in _PyEval_EvalFrameDefault ()
No symbol table info available.
#4  0x00000000005696da in _PyEval_EvalCodeWithName ()
No symbol table info available.
#5  0x00000000005f6403 in _PyFunction_Vectorcall ()
No symbol table info available.
#6  0x000000000056b5e0 in _PyEval_EvalFrameDefault ()
No symbol table info available.
#7  0x00000000005f6226 in _PyFunction_Vectorcall ()
No symbol table info available.
#8  0x000000000056b5e0 in _PyEval_EvalFrameDefault ()
No symbol table info available.
#9  0x00000000005f6226 in _PyFunction_Vectorcall ()
No symbol table info available.
#10 0x000000000056b5e0 in _PyEval_EvalFrameDefault ()
No symbol table info available.
#11 0x00000000005f6226 in _PyFunction_Vectorcall ()
No symbol table info available.
#12 0x000000000056b5e0 in _PyEval_EvalFrameDefault ()
No symbol table info available.
#13 0x00000000005f6226 in _PyFunction_Vectorcall ()
No symbol table info available.
#14 0x000000000056b5e0 in _PyEval_EvalFrameDefault ()
No symbol table info available.
#15 0x00000000005696da in _PyEval_EvalCodeWithName ()
No symbol table info available.
#16 0x000000000050add0 in ?? ()
No symbol table info available.
#17 0x000000000056c5d1 in _PyEval_EvalFrameDefault ()
No symbol table info available.
#18 0x00000000005696da in _PyEval_EvalCodeWithName ()
No symbol table info available.
#19 0x000000000068db17 in PyEval_EvalCode ()
No symbol table info available.
#20 0x0000000000600f34 in ?? ()
No symbol table info available.
#21 0x00000000005c4ad0 in ?? ()
No symbol table info available.
#22 0x000000000056b3fe in _PyEval_EvalFrameDefault ()
No symbol table info available.
#23 0x00000000005696da in _PyEval_EvalCodeWithName ()
No symbol table info available.
#24 0x00000000005f6403 in _PyFunction_Vectorcall ()
No symbol table info available.
#25 0x000000000056b3fe in _PyEval_EvalFrameDefault ()
No symbol table info available.
#26 0x00000000005696da in _PyEval_EvalCodeWithName ()
No symbol table info available.
#27 0x00000000005f6403 in _PyFunction_Vectorcall ()
No symbol table info available.
#28 0x00000000005f55f2 in PyObject_Call ()
No symbol table info available.
#29 0x00000000006b7662 in ?? ()
No symbol table info available.
#30 0x00000000006b7a69 in Py_RunMain ()
No symbol table info available.
#31 0x00000000006b7c8d in Py_BytesMain ()
No symbol table info available.
#32 0x00007f2523a130b3 in __libc_start_main (main=0x4eed30 <main>, argc=5, 
    argv=0x7ffd1a3bbf18, init=<optimized out>, fini=<optimized out>, 
    rtld_fini=<optimized out>, stack_end=0x7ffd1a3bbf08)
    at ../csu/libc-start.c:308
        self = <optimized out>
        result = <optimized out>
        unwind_buf = {cancel_jmp_buf = {{jmp_buf = {7044256, 
                -7185634222022687353, 6271232, 140725043576592, 0, 0, 
                7186983904766756231, 7065366051415688583}, 
              mask_was_saved = 0}}, priv = {pad = {0x0, 0x0, 0x5, 
              0x7ffd1a3bbf18}, data = {prev = 0x0, cleanup = 0x0, 
              canceltype = 5}}}
        not_first_call = <optimized out>
#33 0x00000000005fb12e in _start ()
No symbol table info available.
>>>>>>>>>>>>>>>>>>>>>>>>>>>>>>>>>>>>>>>>>>>>>>>>>>>>>>>>>>>>>>>>>>>


Cython backtrace
----------------
#0  0x00007f2523b0e440 in epoll_wait () at /build/glibc-sMfBJT/glibc-2.31/misc/../sysdeps/unix/sysv/linux/epoll_wait.c:30
#1  0x0000000000000000 in ?? ()
#2  0x0000000000000000 in ?? ()
#3  0x000000000056ace0 in _PyEval_EvalFrameDefault ()
#4  0x0000000000569470 in _PyEval_EvalCodeWithName ()
#5  0x00000000005f6070 in _PyFunction_Vectorcall ()
#6  0x000000000056ace0 in _PyEval_EvalFrameDefault ()
#7  0x00000000005f6070 in _PyFunction_Vectorcall ()
#8  0x000000000056ace0 in _PyEval_EvalFrameDefault ()
#9  0x00000000005f6070 in _PyFunction_Vectorcall ()
#10 0x000000000056ace0 in _PyEval_EvalFrameDefault ()
#11 0x00000000005f6070 in _PyFunction_Vectorcall ()
#12 0x000000000056ace0 in _PyEval_EvalFrameDefault ()
#13 0x00000000005f6070 in _PyFunction_Vectorcall ()
#14 0x000000000056ace0 in _PyEval_EvalFrameDefault ()
#15 0x0000000000569470 in _PyEval_EvalCodeWithName ()
#16 0x0000000000000000 in ?? ()
#17 0x000000000056ace0 in _PyEval_EvalFrameDefault ()
#18 0x0000000000569470 in _PyEval_EvalCodeWithName ()
#19 0x000000000068daf0 in PyEval_EvalCode ()
#20 0x0000000000000000 in ?? ()
#21 0x0000000000000000 in ?? ()
#22 0x000000000056ace0 in _PyEval_EvalFrameDefault ()
#23 0x0000000000569470 in _PyEval_EvalCodeWithName ()
#24 0x00000000005f6070 in _PyFunction_Vectorcall ()
#25 0x000000000056ace0 in _PyEval_EvalFrameDefault ()
#26 0x0000000000569470 in _PyEval_EvalCodeWithName ()
#27 0x00000000005f6070 in _PyFunction_Vectorcall ()
#28 0x00000000005f5590 in PyObject_Call ()
#29 0x0000000000000000 in ?? ()
#30 0x00000000006b76f0 in Py_RunMain ()
#31 0x00000000006b7c60 in Py_BytesMain ()
#32 0x00007f2523a12fc0 in __libc_start_main () at /build/glibc-sMfBJT/glibc-2.31/csu/../csu/libc-start.c:308
#33 0x00000000005fb100 in _start ()

[Inferior 1 (process 20700) detached]
30	../sysdeps/unix/sysv/linux/epoll_wait.c: No such file or directory.
