     1                                  ;@author: Rapeanu George - Alexandru(#8 in group list)
     2                                  ;Additions, subtactions - signed representation
     3                                  ;Exercise 22: c+b-(a-d+b) 
     4                                  
     5                                  
     6                                  bits 32 ; assembling for the 32 bits architecture
     7                                  
     8                                  ; declare the EntryPoint (a label defining the very first instruction of the program)
     9                                  global start        
    10                                  
    11                                  ; declare external functions needed by our program
    12                                  extern exit               ; tell nasm that exit exists even if we won't be defining it
    13                                  import exit msvcrt.dll    ; exit is a function that ends the calling process. It is defined in msvcrt.dll
    14                                                            ; msvcrt.dll contains exit, printf and all the other important C-runtime specific functions
    15                                  
    16                                  extern printf
    17                                  import printf msvcrt.dll
    18                                                            
    19                                  ; our data is declared here (the variables needed by our program)
    20                                  segment data use32 class=data
    21 00000000 01                          a db 1
    22 00000001 0200                        b dw 2
    23 00000003 03000000                    c dd 3
    24 00000007 0400000000000000            d dq 4
    25 0000000F 256C6C640D0A                fmt db "%lld",0xd,0xa
    26                                  
    27                                  ; our code starts here
    28                                  segment code use32 class=code
    29                                      start:
    30                                          ; ...
    31                                      
    32 00000000 B800000000                      mov eax, 0
    33 00000005 BA00000000                      mov edx, 0
    34                                          
    35 0000000A 0305[03000000]                  add eax, dword[c]
    36 00000010 83D200                          adc edx, 0
    37                                          
    38 00000013 0FBF1D[01000000]                movsx ebx, word[b]
    39 0000001A 01D8                            add eax, ebx
    40 0000001C 83D200                          adc edx, 0
    41                                          
    42 0000001F 0FBE1D[00000000]                movsx ebx, byte[a]
    43 00000026 29D8                            sub eax, ebx
    44 00000028 83DA00                          sbb edx, 0
    45                                          
    46 0000002B 0305[07000000]                  add eax, dword[d]
    47 00000031 1315[0B000000]                  adc edx, dword[d + 4]
    48                                  
    49 00000037 0FBF1D[01000000]                movsx ebx, word[b]
    50 0000003E 29D8                            sub eax, ebx
    51 00000040 83DA00                          sbb edx, 0
    52                                          
    53 00000043 52                              push edx
    54 00000044 50                              push eax
    55 00000045 68[0F000000]                    push fmt
    56 0000004A FF15[00000000]                  call [printf]
    57 00000050 83C40C                          add esp,12
    58                                          
    59 00000053 6A00                            push    dword 0      ; push the parameter for exit onto the stack
    60 00000055 FF15[00000000]                  call    [exit]       ; call exit to terminate the program
