### p2.out
```
Program: let n: i32 = readI32();let i: i32 = 0;let is_prime: bool = true;i = 2;while i < n {if n % i == 0 {is_prime = false;}i = i + 1;}if is_prime {print("Number is prime");} else {print("Number is not prime");}
PIF.out
let: -
n: 0
:: -
i32: -
=: -
readI32: -
(: -
): -
;: -
let: -
i: 1
:: -
i32: -
=: -
0: 2
;: -
let: -
is_prime: 3
:: -
bool: -
=: -
true: -
;: -
i: 1
=: -
2: 4
;: -
while: -
i: 1
<: -
n: 0
{: -
if: -
n: 0
%: -
i: 1
==: -
0: 2
{: -
is_prime: 3
=: -
false: -
;: -
}: -
i: 1
=: -
i: 1
+: -
1: 5
;: -
}: -
if: -
is_prime: 3
{: -
print: -
(: -
"Number is prime": 6
): -
;: -
}: -
else: -
{: -
print: -
(: -
"Number is not prime": 7
): -
;: -
}: -
ST.out
0: 2
i: 1
is_prime: 3
"Number is prime": 6
1: 5
"Number is not prime": 7
n: 0
2: 4
```
