### p3.out
```
Program: let n: u32;let sum: u32 = 0;let i: u32 = 0;n = readU32();while i < n {let val: u32 = readU32();sum = sum + val;i = i + 1;}print("Sum is", sum);
PIF.out
let: -
n: 0
:: -
u32: -
;: -
let: -
sum: 1
:: -
u32: -
=: -
0: 2
;: -
let: -
i: 3
:: -
u32: -
=: -
0: 2
;: -
n: 0
=: -
readU32: -
(: -
): -
;: -
while: -
i: 3
<: -
n: 0
{: -
let: -
val: 4
:: -
u32: -
=: -
readU32: -
(: -
): -
;: -
sum: 1
=: -
sum: 1
+: -
val: 4
;: -
i: 3
=: -
i: 3
+: -
1: 5
;: -
}: -
print: -
(: -
"Sum is": 6
,: -
sum: 1
): -
;: -
ST.out
0: 2
i: 3
"Sum is": 6
sum: 1
1: 5
n: 0
val: 4
```
