This is pdfTeX, Version 3.14159265-2.6-1.40.20 (TeX Live 2019/Debian) (preloaded format=pdflatex 2022.3.4)  19 APR 2022 15:44
entering extended mode
 restricted \write18 enabled.
 %&-line parsing enabled.
**refman
(./refman.tex
LaTeX2e <2020-02-02> patch level 2
L3 programming layer <2020-02-14>
(/usr/share/texlive/texmf-dist/tex/latex/base/article.cls
Document Class: article 2019/12/20 v1.4l Standard LaTeX document class
(/usr/share/texlive/texmf-dist/tex/latex/base/size10.clo
File: size10.clo 2019/12/20 v1.4l Standard LaTeX file (size option)
)
\c@part=\count167
\c@section=\count168
\c@subsection=\count169
\c@subsubsection=\count170
\c@paragraph=\count171
\c@subparagraph=\count172
\c@figure=\count173
\c@table=\count174
\abovecaptionskip=\skip47
\belowcaptionskip=\skip48
\bibindent=\dimen134
)
(/usr/share/texlive/texmf-dist/tex/latex/base/ifthen.sty
Package: ifthen 2014/09/29 v1.1c Standard LaTeX ifthen package (DPC)
)
(/usr/share/texlive/texmf-dist/tex/latex/tools/array.sty
Rollback for package 'array' requested -> date 2016-10-06.
         Best approximation is the release introduced on 2016-10-06.

(/usr/share/texlive/texmf-dist/tex/latex/tools/array-2016-10-06.sty
Package: array 2016/10/06 v2.4d Tabular extension package (FMi)
\col@sep=\dimen135
\extrarowheight=\dimen136
\NC@list=\toks14
\extratabsurround=\skip49
\backup@length=\skip50
))
(/usr/share/texlive/texmf-dist/tex/latex/base/fixltx2e.sty
Package: fixltx2e 2016/12/29 v2.1a fixes to LaTeX (obsolete)
Applying: [2015/01/01] Old fixltx2e package on input line 46.


Package fixltx2e Warning: fixltx2e is not required with releases after 2015
(fixltx2e)                All fixes are now in the LaTeX kernel.
(fixltx2e)                See the latexrelease package for details.

Already applied: [0000/00/00] Old fixltx2e package on input line 53.
) (/usr/share/texlive/texmf-dist/tex/latex/tools/calc.sty
Package: calc 2017/05/25 v4.3 Infix arithmetic (KKT,FJ)
\calc@Acount=\count175
\calc@Bcount=\count176
\calc@Adimen=\dimen137
\calc@Bdimen=\dimen138
\calc@Askip=\skip51
\calc@Bskip=\skip52
LaTeX Info: Redefining \setlength on input line 80.
LaTeX Info: Redefining \addtolength on input line 81.
\calc@Ccount=\count177
\calc@Cskip=\skip53
) (./doxygen.sty
Package: doxygen 

(/usr/share/texlive/texmf-dist/tex/latex/base/alltt.sty
Package: alltt 1997/06/16 v2.0g defines alltt environment
)
(/usr/share/texlive/texmf-dist/tex/latex/float/float.sty
Package: float 2001/11/08 v1.3d Float enhancements (AL)
\c@float@type=\count178
\float@exts=\toks15
\float@box=\box45
\@float@everytoks=\toks16
\@floatcapt=\box46
)
(/usr/share/texlive/texmf-dist/tex/latex/tools/verbatim.sty
Package: verbatim 2019/11/10 v1.5r LaTeX2e package for verbatim enhancements
\every@verbatim=\toks17
\verbatim@line=\toks18
\verbatim@in@stream=\read2
)
(/usr/share/texlive/texmf-dist/tex/latex/xcolor/xcolor.sty
Package: xcolor 2016/05/11 v2.12 LaTeX color extensions (UK)

(/usr/share/texlive/texmf-dist/tex/latex/graphics-cfg/color.cfg
File: color.cfg 2016/01/02 v1.6 sample color configuration
)
Package xcolor Info: Driver file: pdftex.def on input line 225.

(/usr/share/texlive/texmf-dist/tex/latex/graphics-def/pdftex.def
File: pdftex.def 2018/01/08 v1.0l Graphics/color driver for pdftex
)
(/usr/share/texlive/texmf-dist/tex/latex/colortbl/colortbl.sty
Package: colortbl 2020/01/04 v1.0e Color table columns (DPC)
\everycr=\toks19
\minrowclearance=\skip54
)
\rownum=\count179
Package xcolor Info: Model `cmy' substituted by `cmy0' on input line 1348.
Package xcolor Info: Model `hsb' substituted by `rgb' on input line 1352.
Package xcolor Info: Model `RGB' extended on input line 1364.
Package xcolor Info: Model `HTML' substituted by `rgb' on input line 1366.
Package xcolor Info: Model `Hsb' substituted by `hsb' on input line 1367.
Package xcolor Info: Model `tHsb' substituted by `hsb' on input line 1368.
Package xcolor Info: Model `HSB' substituted by `hsb' on input line 1369.
Package xcolor Info: Model `Gray' substituted by `gray' on input line 1370.
Package xcolor Info: Model `wave' substituted by `hsb' on input line 1371.
)
(./longtable_doxygen.sty
Package: longtable_doxygen 2014/10/28 v4.11 Multi-page Table package (DPC) - fr
ozen version for doxygen
\LTleft=\skip55
\LTright=\skip56
\LTpre=\skip57
\LTpost=\skip58
\LTchunksize=\count180
\LTcapwidth=\dimen139
\LT@head=\box47
\LT@firsthead=\box48
\LT@foot=\box49
\LT@lastfoot=\box50
\LT@cols=\count181
\LT@rows=\count182
\c@LT@tables=\count183
\c@LT@chunks=\count184
\LT@p@ftn=\toks20
) (./tabu_doxygen.sty
Package: tabu_doxygen 2011/02/26 v2.8 - flexible LaTeX tabulars (FC), frozen ve
rsion for doxygen

(/usr/share/texlive/texmf-dist/tex/latex/varwidth/varwidth.sty
Package: varwidth 2009/03/30 ver 0.92;  Variable-width minipages
\@vwid@box=\box51
\sift@deathcycles=\count185
\@vwid@loff=\dimen140
\@vwid@roff=\dimen141
)
\c@taburow=\count186
\tabu@nbcols=\count187
\tabu@cnt=\count188
\tabu@Xcol=\count189
\tabu@alloc=\count190
\tabu@nested=\count191
\tabu@target=\dimen142
\tabu@spreadtarget=\dimen143
\tabu@naturalX=\dimen144
\tabucolX=\dimen145
\tabu@Xsum=\dimen146
\extrarowdepth=\dimen147
\abovetabulinesep=\dimen148
\belowtabulinesep=\dimen149
\tabustrutrule=\dimen150
\tabu@thebody=\toks21
\tabu@footnotes=\toks22
\tabu@box=\box52
\tabu@arstrutbox=\box53
\tabu@hleads=\box54
\tabu@vleads=\box55
\tabu@cellskip=\skip59
)
(/usr/share/texlive/texmf-dist/tex/latex/fancyvrb/fancyvrb.sty
Package: fancyvrb 2020/01/13 v3.5 verbatim text (tvz,hv)

(/usr/share/texlive/texmf-dist/tex/latex/graphics/keyval.sty
Package: keyval 2014/10/28 v1.15 key=value parser (DPC)
\KV@toks@=\toks23
)
\FV@CodeLineNo=\count192
\FV@InFile=\read3
\FV@TabBox=\box56
\c@FancyVerbLine=\count193
\FV@StepNumber=\count194
\FV@OutFile=\write3
)
(/usr/share/texlive/texmf-dist/tex/latex/tools/tabularx.sty
Package: tabularx 2020/01/15 v2.11c `tabularx' package (DPC)
\TX@col@width=\dimen151
\TX@old@table=\dimen152
\TX@old@col=\dimen153
\TX@target=\dimen154
\TX@delta=\dimen155
\TX@cols=\count195
\TX@ftn=\toks24
)
(/usr/share/texlive/texmf-dist/tex/latex/multirow/multirow.sty
Package: multirow 2019/05/31 v2.5 Span multiple rows of a table
\multirow@colwidth=\skip60
\multirow@cntb=\count196
\multirow@dima=\skip61
\bigstrutjot=\dimen156
)
(/usr/share/texlive/texmf-dist/tex/latex/hanging/hanging.sty
Package: hanging 2009/09/02 v1.2b hanging paragraphs and punctuation
\h@ngcommawd=\skip62
\h@ngfstopwd=\skip63
\h@ngquotewd=\skip64
\h@ngdquotewd=\skip65
\h@ngquerywd=\skip66
\h@ngexclwd=\skip67
\h@ngcolonwd=\skip68
\h@ngscolonwd=\skip69
)
(/usr/share/texlive/texmf-dist/tex/generic/iftex/ifpdf.sty
Package: ifpdf 2019/10/25 v3.4 ifpdf legacy package. Use iftex instead.

(/usr/share/texlive/texmf-dist/tex/generic/iftex/iftex.sty
Package: iftex 2019/11/07 v1.0c TeX engine tests
))
(/usr/share/texlive/texmf-dist/tex/latex/adjustbox/adjustbox.sty
Package: adjustbox 2019/01/04 v1.2 Adjusting TeX boxes (trim, clip, ...)

(/usr/share/texlive/texmf-dist/tex/latex/xkeyval/xkeyval.sty
Package: xkeyval 2014/12/03 v2.7a package option processing (HA)

(/usr/share/texlive/texmf-dist/tex/generic/xkeyval/xkeyval.tex
(/usr/share/texlive/texmf-dist/tex/generic/xkeyval/xkvutils.tex
\XKV@toks=\toks25
\XKV@tempa@toks=\toks26
)
\XKV@depth=\count197
File: xkeyval.tex 2014/12/03 v2.7a key=value parser (HA)
))
(/usr/share/texlive/texmf-dist/tex/latex/adjustbox/adjcalc.sty
Package: adjcalc 2012/05/16 v1.1 Provides advanced setlength with multiple back
-ends (calc, etex, pgfmath)
)
(/usr/share/texlive/texmf-dist/tex/latex/adjustbox/trimclip.sty
Package: trimclip 2018/04/08 v1.1 Trim and clip general TeX material

(/usr/share/texlive/texmf-dist/tex/latex/graphics/graphicx.sty
Package: graphicx 2019/11/30 v1.2a Enhanced LaTeX Graphics (DPC,SPQR)

(/usr/share/texlive/texmf-dist/tex/latex/graphics/graphics.sty
Package: graphics 2019/11/30 v1.4a Standard LaTeX Graphics (DPC,SPQR)

(/usr/share/texlive/texmf-dist/tex/latex/graphics/trig.sty
Package: trig 2016/01/03 v1.10 sin cos tan (DPC)
)
(/usr/share/texlive/texmf-dist/tex/latex/graphics-cfg/graphics.cfg
File: graphics.cfg 2016/06/04 v1.11 sample graphics configuration
)
Package graphics Info: Driver file: pdftex.def on input line 105.
)
\Gin@req@height=\dimen157
\Gin@req@width=\dimen158
)
(/usr/share/texlive/texmf-dist/tex/latex/collectbox/collectbox.sty
Package: collectbox 2012/05/17 v0.4b Collect macro arguments as boxes
\collectedbox=\box57
)
\tc@llx=\dimen159
\tc@lly=\dimen160
\tc@urx=\dimen161
\tc@ury=\dimen162
Package trimclip Info: Using driver 'tc-pdftex.def'.

(/usr/share/texlive/texmf-dist/tex/latex/adjustbox/tc-pdftex.def
File: tc-pdftex.def 2019/01/04 v2.2 Clipping driver for pdftex
))
\adjbox@Width=\dimen163
\adjbox@Height=\dimen164
\adjbox@Depth=\dimen165
\adjbox@Totalheight=\dimen166
\adjbox@pwidth=\dimen167
\adjbox@pheight=\dimen168
\adjbox@pdepth=\dimen169
\adjbox@ptotalheight=\dimen170

(/usr/share/texlive/texmf-dist/tex/latex/ifoddpage/ifoddpage.sty
Package: ifoddpage 2016/04/23 v1.1 Conditionals for odd/even page detection
\c@checkoddpage=\count198
))
(/usr/share/texlive/texmf-dist/tex/latex/amsfonts/amssymb.sty
Package: amssymb 2013/01/14 v3.01 AMS font symbols

(/usr/share/texlive/texmf-dist/tex/latex/amsfonts/amsfonts.sty
Package: amsfonts 2013/01/14 v3.01 Basic AMSFonts support
\@emptytoks=\toks27
\symAMSa=\mathgroup4
\symAMSb=\mathgroup5
LaTeX Font Info:    Redeclaring math symbol \hbar on input line 98.
LaTeX Font Info:    Overwriting math alphabet `\mathfrak' in version `bold'
(Font)                  U/euf/m/n --> U/euf/b/n on input line 106.
))
(/usr/share/texlive/texmf-dist/tex/latex/stackengine/stackengine.sty
Package: stackengine 2017/02/13 v4.01\ Stacking text and objects in convenient 
ways

(/usr/share/texlive/texmf-dist/tex/latex/etoolbox/etoolbox.sty
Package: etoolbox 2019/09/21 v2.5h e-TeX tools for LaTeX (JAW)
\etb@tempcnta=\count199
)
(/usr/share/texlive/texmf-dist/tex/generic/listofitems/listofitems.sty
(/usr/share/texlive/texmf-dist/tex/generic/listofitems/listofitems.tex
\loi_cnt_foreach_nest=\count266
\loi_nestcnt=\count267
)
Package: listofitems 2019/08/21 v1.63 Grab items in lists using user-specified 
sep char (CT)
)
\c@@stackindex=\count268
\@boxshift=\skip70
\stack@tmplength=\skip71
\temp@stkl=\skip72
\@stackedboxwidth=\skip73
\@addedbox=\box58
\@anchorbox=\box59
\stackedbox=\box60
\@centerbox=\box61
\c@ROWcellindex@=\count269
)
(/usr/share/texlive/texmf-dist/tex/generic/ulem/ulem.sty
\UL@box=\box62
\UL@hyphenbox=\box63
\UL@skip=\skip74
\UL@hook=\toks28
\UL@height=\dimen171
\UL@pe=\count270
\UL@pixel=\dimen172
\ULC@box=\box64
Package: ulem 2019/11/18
\ULdepth=\dimen173
)
\xrefbox=\box65
\xreflength=\skip75
\CodeWidthChar=\skip76
\CodeHeightChar=\skip77
\DoxyCodeWidth=\skip78
)
(/usr/share/texlive/texmf-dist/tex/latex/base/inputenc.sty
Package: inputenc 2018/08/11 v1.3c Input encoding file
\inpenc@prehook=\toks29
\inpenc@posthook=\toks30
)
(/usr/share/texlive/texmf-dist/tex/latex/base/makeidx.sty
Package: makeidx 2014/09/29 v1.0m Standard LaTeX package
)
(/usr/share/texlive/texmf-dist/tex/latex/tools/multicol.sty
Package: multicol 2019/12/09 v1.8y multicolumn formatting (FMi)
\c@tracingmulticols=\count271
\mult@box=\box66
\multicol@leftmargin=\dimen174
\c@unbalance=\count272
\c@collectmore=\count273
\doublecol@number=\count274
\multicoltolerance=\count275
\multicolpretolerance=\count276
\full@width=\dimen175
\page@free=\dimen176
\premulticols=\dimen177
\postmulticols=\dimen178
\multicolsep=\skip79
\multicolbaselineskip=\skip80
\partial@page=\box67
\last@line=\box68
\maxbalancingoverflow=\dimen179
\mult@rightbox=\box69
\mult@grightbox=\box70
\mult@gfirstbox=\box71
\mult@firstbox=\box72
\@tempa=\box73
\@tempa=\box74
\@tempa=\box75
\@tempa=\box76
\@tempa=\box77
\@tempa=\box78
\@tempa=\box79
\@tempa=\box80
\@tempa=\box81
\@tempa=\box82
\@tempa=\box83
\@tempa=\box84
\@tempa=\box85
\@tempa=\box86
\@tempa=\box87
\@tempa=\box88
\@tempa=\box89
\@tempa=\box90
\@tempa=\box91
\@tempa=\box92
\@tempa=\box93
\@tempa=\box94
\@tempa=\box95
\@tempa=\box96
\@tempa=\box97
\@tempa=\box98
\@tempa=\box99
\@tempa=\box100
\@tempa=\box101
\@tempa=\box102
\@tempa=\box103
\@tempa=\box104
\@tempa=\box105
\@tempa=\box106
\@tempa=\box107
\@tempa=\box108
\@tempa=\box109
\c@minrows=\count277
\c@columnbadness=\count278
\c@finalcolumnbadness=\count279
\last@try=\dimen180
\multicolovershoot=\dimen181
\multicolundershoot=\dimen182
\mult@nat@firstbox=\box110
\colbreak@box=\box111
\mc@col@check@num=\count280
)
(/usr/share/texlive/texmf-dist/tex/latex/base/textcomp.sty
Package: textcomp 2020/02/02 v2.0n Standard LaTeX package
)
(/usr/share/texlive/texmf-dist/tex/latex/wasysym/wasysym.sty
Package: wasysym 2020/01/19 v2.4 Wasy-2 symbol support package
\symwasy=\mathgroup6
LaTeX Font Info:    Overwriting symbol font `wasy' in version `bold'
(Font)                  U/wasy/m/n --> U/wasy/b/n on input line 93.
)
(/usr/share/texlive/texmf-dist/tex/generic/iftex/ifxetex.sty
Package: ifxetex 2019/10/25 v0.7 ifxetex legacy package. Use iftex instead.
)
(/usr/share/texlive/texmf-dist/tex/latex/base/fontenc.sty
Package: fontenc 2020/02/11 v2.0o Standard LaTeX package
)
(/usr/share/texlive/texmf-dist/tex/latex/psnfss/helvet.sty
Package: helvet 2005/04/12 PSNFSS-v9.2a (WaS) 
)
(/usr/share/texlive/texmf-dist/tex/latex/psnfss/courier.sty
Package: courier 2005/04/12 PSNFSS-v9.2a (WaS) 
)
(/usr/share/texlive/texmf-dist/tex/latex/sectsty/sectsty.sty
Package: sectsty 2002/02/25 v2.0.2 Commands to change all sectional heading sty
les


LaTeX Warning: Command \underbar  has changed.
               Check if current package is valid.


LaTeX Warning: Command \underline  has changed.
               Check if current package is valid.

) (/usr/share/texlive/texmf-dist/tex/latex/geometry/geometry.sty
Package: geometry 2020/01/02 v5.9 Page Geometry

(/usr/share/texlive/texmf-dist/tex/generic/iftex/ifvtex.sty
Package: ifvtex 2019/10/25 v1.7 ifvtex legacy package. Use iftex instead.
)
\Gm@cnth=\count281
\Gm@cntv=\count282
\c@Gm@tempcnt=\count283
\Gm@bindingoffset=\dimen183
\Gm@wd@mp=\dimen184
\Gm@odd@mp=\dimen185
\Gm@even@mp=\dimen186
\Gm@layoutwidth=\dimen187
\Gm@layoutheight=\dimen188
\Gm@layouthoffset=\dimen189
\Gm@layoutvoffset=\dimen190
\Gm@dimlist=\toks31
)
(/usr/share/texlive/texmf-dist/tex/latex/fancyhdr/fancyhdr.sty
Package: fancyhdr 2019/01/31 v3.10 Extensive control of page headers and footer
s
\f@nch@headwidth=\skip81
\f@nch@O@elh=\skip82
\f@nch@O@erh=\skip83
\f@nch@O@olh=\skip84
\f@nch@O@orh=\skip85
\f@nch@O@elf=\skip86
\f@nch@O@erf=\skip87
\f@nch@O@olf=\skip88
\f@nch@O@orf=\skip89
)
(/usr/share/texlive/texmf-dist/tex/latex/natbib/natbib.sty
Package: natbib 2010/09/13 8.31b (PWD, AO)
\bibhang=\skip90
\bibsep=\skip91
LaTeX Info: Redefining \cite on input line 694.
\c@NAT@ctr=\count284
)
(/usr/share/texlive/texmf-dist/tex/latex/tocloft/tocloft.sty
Package: tocloft 2017/08/31 v2.3i parameterised ToC, etc., typesetting
Package tocloft Info: The document has section divisions on input line 51.
\cftparskip=\skip92
\cftbeforetoctitleskip=\skip93
\cftaftertoctitleskip=\skip94
\cftbeforepartskip=\skip95
\cftpartnumwidth=\skip96
\cftpartindent=\skip97
\cftbeforesecskip=\skip98
\cftsecindent=\skip99
\cftsecnumwidth=\skip100
\cftbeforesubsecskip=\skip101
\cftsubsecindent=\skip102
\cftsubsecnumwidth=\skip103
\cftbeforesubsubsecskip=\skip104
\cftsubsubsecindent=\skip105
\cftsubsubsecnumwidth=\skip106
\cftbeforeparaskip=\skip107
\cftparaindent=\skip108
\cftparanumwidth=\skip109
\cftbeforesubparaskip=\skip110
\cftsubparaindent=\skip111
\cftsubparanumwidth=\skip112
\cftbeforeloftitleskip=\skip113
\cftafterloftitleskip=\skip114
\cftbeforefigskip=\skip115
\cftfigindent=\skip116
\cftfignumwidth=\skip117
\c@lofdepth=\count285
\c@lotdepth=\count286
\cftbeforelottitleskip=\skip118
\cftafterlottitleskip=\skip119
\cftbeforetabskip=\skip120
\cfttabindent=\skip121
\cfttabnumwidth=\skip122
)
\@indexfile=\write4
\openout4 = `refman.idx'.


Writing index file refman.idx
(/usr/share/texlive/texmf-dist/tex/latex/newunicodechar/newunicodechar.sty
Package: newunicodechar 2018/04/08 v1.2 Defining Unicode characters
)

Package newunicodechar Warning: Redefining Unicode character on input line 113.



Package newunicodechar Warning: Redefining Unicode character on input line 114.


(/usr/share/texlive/texmf-dist/tex/latex/hyperref/hyperref.sty
Package: hyperref 2020/01/14 v7.00d Hypertext links for LaTeX

(/usr/share/texlive/texmf-dist/tex/generic/ltxcmds/ltxcmds.sty
Package: ltxcmds 2019/12/15 v1.24 LaTeX kernel commands for general use (HO)
)
(/usr/share/texlive/texmf-dist/tex/latex/pdftexcmds/pdftexcmds.sty
Package: pdftexcmds 2019/11/24 v0.31 Utility functions of pdfTeX for LuaTeX (HO
)

(/usr/share/texlive/texmf-dist/tex/generic/infwarerr/infwarerr.sty
Package: infwarerr 2019/12/03 v1.5 Providing info/warning/error messages (HO)
)
Package pdftexcmds Info: \pdf@primitive is available.
Package pdftexcmds Info: \pdf@ifprimitive is available.
Package pdftexcmds Info: \pdfdraftmode found.
)
(/usr/share/texlive/texmf-dist/tex/generic/kvsetkeys/kvsetkeys.sty
Package: kvsetkeys 2019/12/15 v1.18 Key value parser (HO)
)
(/usr/share/texlive/texmf-dist/tex/generic/kvdefinekeys/kvdefinekeys.sty
Package: kvdefinekeys 2019-12-19 v1.6 Define keys (HO)
)
(/usr/share/texlive/texmf-dist/tex/generic/pdfescape/pdfescape.sty
Package: pdfescape 2019/12/09 v1.15 Implements pdfTeX's escape features (HO)
)
(/usr/share/texlive/texmf-dist/tex/latex/hycolor/hycolor.sty
Package: hycolor 2020-01-27 v1.10 Color options for hyperref/bookmark (HO)
)
(/usr/share/texlive/texmf-dist/tex/latex/letltxmacro/letltxmacro.sty
Package: letltxmacro 2019/12/03 v1.6 Let assignment for LaTeX macros (HO)
)
(/usr/share/texlive/texmf-dist/tex/latex/auxhook/auxhook.sty
Package: auxhook 2019-12-17 v1.6 Hooks for auxiliary files (HO)
)
(/usr/share/texlive/texmf-dist/tex/latex/kvoptions/kvoptions.sty
Package: kvoptions 2019/11/29 v3.13 Key value format for package options (HO)
)
\@linkdim=\dimen191
\Hy@linkcounter=\count287
\Hy@pagecounter=\count288

(/usr/share/texlive/texmf-dist/tex/latex/hyperref/pd1enc.def
File: pd1enc.def 2020/01/14 v7.00d Hyperref: PDFDocEncoding definition (HO)
Now handling font encoding PD1 ...
... no UTF-8 mapping file for font encoding PD1
)
(/usr/share/texlive/texmf-dist/tex/generic/intcalc/intcalc.sty
Package: intcalc 2019/12/15 v1.3 Expandable calculations with integers (HO)
)
(/usr/share/texlive/texmf-dist/tex/generic/etexcmds/etexcmds.sty
Package: etexcmds 2019/12/15 v1.7 Avoid name clashes with e-TeX commands (HO)
)
\Hy@SavedSpaceFactor=\count289
\pdfmajorversion=\count290
Package hyperref Info: Hyper figures OFF on input line 4547.
Package hyperref Info: Link nesting OFF on input line 4552.
Package hyperref Info: Hyper index ON on input line 4555.
Package hyperref Info: Plain pages OFF on input line 4562.
Package hyperref Info: Backreferencing ON on input line 4565.
Package hyperref Info: Implicit mode ON; LaTeX internals redefined.
Package hyperref Info: Bookmarks ON on input line 4800.

(/usr/share/texlive/texmf-dist/tex/latex/hyperref/backref.sty
Package: backref 2020/01/14 v1.40 Bibliographical back referencing

(/usr/share/texlive/texmf-dist/tex/latex/rerunfilecheck/rerunfilecheck.sty
Package: rerunfilecheck 2019/12/05 v1.9 Rerun checks for auxiliary files (HO)

(/usr/share/texlive/texmf-dist/tex/latex/atveryend/atveryend.sty
Package: atveryend 2019-12-11 v1.11 Hooks at the very end of document (HO)
)
(/usr/share/texlive/texmf-dist/tex/generic/uniquecounter/uniquecounter.sty
Package: uniquecounter 2019/12/15 v1.4 Provide unlimited unique counter (HO)

(/usr/share/texlive/texmf-dist/tex/generic/bigintcalc/bigintcalc.sty
Package: bigintcalc 2019/12/15 v1.5 Expandable calculations on big integers (HO
)
))
Package uniquecounter Info: New unique counter `rerunfilecheck' on input line 2
86.
))
\c@Hy@tempcnt=\count291

(/usr/share/texlive/texmf-dist/tex/latex/url/url.sty
\Urlmuskip=\muskip16
Package: url 2013/09/16  ver 3.4  Verb mode for urls, etc.
)
LaTeX Info: Redefining \url on input line 5159.
\XeTeXLinkMargin=\dimen192

(/usr/share/texlive/texmf-dist/tex/generic/bitset/bitset.sty
Package: bitset 2019/12/09 v1.3 Handle bit-vector datatype (HO)
)
\Fld@menulength=\count292
\Field@Width=\dimen193
\Fld@charsize=\dimen194
Package hyperref Info: Hyper figures OFF on input line 6430.
Package hyperref Info: Link nesting OFF on input line 6435.
Package hyperref Info: Hyper index ON on input line 6438.
Package hyperref Info: backreferencing ON on input line 6443.
Package hyperref Info: Link coloring OFF on input line 6450.
Package hyperref Info: Link coloring with OCG OFF on input line 6455.
Package hyperref Info: PDF/A mode OFF on input line 6460.
LaTeX Info: Redefining \ref on input line 6500.
LaTeX Info: Redefining \pageref on input line 6504.

(/usr/share/texlive/texmf-dist/tex/generic/atbegshi/atbegshi.sty
Package: atbegshi 2019/12/05 v1.19 At begin shipout hook (HO)
)
\Hy@abspage=\count293
\c@Item=\count294
\c@Hfootnote=\count295
)
Package hyperref Info: Driver: hpdftex.

(/usr/share/texlive/texmf-dist/tex/latex/hyperref/hpdftex.def
File: hpdftex.def 2020/01/14 v7.00d Hyperref driver for pdfTeX
\Fld@listcount=\count296
\c@bookmark@seq@number=\count297
\Hy@SectionHShift=\skip123
)
Package hyperref Info: Option `colorlinks' set `true' on input line 132.
Package hyperref Info: Option `unicode' set `true' on input line 132.

(/usr/share/texlive/texmf-dist/tex/latex/hyperref/puenc.def
File: puenc.def 2020/01/14 v7.00d Hyperref: PDF Unicode definition (HO)
Now handling font encoding PU ...
... no UTF-8 mapping file for font encoding PU
)
(/usr/share/texlive/texmf-dist/tex/latex/caption/caption.sty
Package: caption 2020/01/03 v3.4h Customizing captions (AR)

(/usr/share/texlive/texmf-dist/tex/latex/caption/caption3.sty
Package: caption3 2020/01/03 v1.8h caption3 kernel (AR)
Package caption3 Info: TeX engine: e-TeX on input line 61.
\captionmargin=\dimen195
\captionmargin@=\dimen196
\captionwidth=\dimen197
\caption@tempdima=\dimen198
\caption@indent=\dimen199
\caption@parindent=\dimen256
\caption@hangindent=\dimen257
Package caption Info: Standard document class detected.
)
\c@caption@flags=\count298
\c@continuedfloat=\count299
Package caption Info: float package is loaded.
Package caption Info: hyperref package is loaded.
Package caption Info: longtable package is loaded.

(/usr/share/texlive/texmf-dist/tex/latex/caption/ltcaption.sty
Package: ltcaption 2018/08/26 v1.4a longtable captions (AR)
))
(/usr/share/texlive/texmf-dist/tex/latex/etoc/etoc.sty
Package: etoc 2019/11/17 v1.09b Completely customisable TOCs (JFB)
\Etoc@toctoks=\toks32
\c@etoc@tocid=\count300
\c@etoc@tocdepth=\count301
\etoc@framed@titlebox=\box112
\etoc@framed@contentsbox=\box113
)
(/usr/share/texlive/texmf-dist/tex/latex/l3backend/l3backend-pdfmode.def
File: l3backend-pdfmode.def 2020-02-03 L3 backend support: PDF mode
\l__kernel_color_stack_int=\count302
\l__pdf_internal_box=\box114
)
(./refman.aux)
\openout1 = `refman.aux'.

LaTeX Font Info:    Checking defaults for OML/cmm/m/it on input line 147.
LaTeX Font Info:    ... okay on input line 147.
LaTeX Font Info:    Checking defaults for OMS/cmsy/m/n on input line 147.
LaTeX Font Info:    ... okay on input line 147.
LaTeX Font Info:    Checking defaults for OT1/cmr/m/n on input line 147.
LaTeX Font Info:    ... okay on input line 147.
LaTeX Font Info:    Checking defaults for T1/cmr/m/n on input line 147.
LaTeX Font Info:    ... okay on input line 147.
LaTeX Font Info:    Checking defaults for TS1/cmr/m/n on input line 147.
LaTeX Font Info:    ... okay on input line 147.
LaTeX Font Info:    Checking defaults for OMX/cmex/m/n on input line 147.
LaTeX Font Info:    ... okay on input line 147.
LaTeX Font Info:    Checking defaults for U/cmr/m/n on input line 147.
LaTeX Font Info:    ... okay on input line 147.
LaTeX Font Info:    Checking defaults for PD1/pdf/m/n on input line 147.
LaTeX Font Info:    ... okay on input line 147.
LaTeX Font Info:    Checking defaults for PU/pdf/m/n on input line 147.
LaTeX Font Info:    ... okay on input line 147.
LaTeX Font Info:    Trying to load font information for T1+phv on input line 14
7.
 (/usr/share/texlive/texmf-dist/tex/latex/psnfss/t1phv.fd
File: t1phv.fd 2001/06/04 scalable font definitions for T1/phv.
)
LaTeX Font Info:    Font shape `T1/phv/m/n' will be
(Font)              scaled to size 8.99994pt on input line 147.

(/usr/share/texlive/texmf-dist/tex/context/base/mkii/supp-pdf.mkii
[Loading MPS to PDF converter (version 2006.09.02).]
\scratchcounter=\count303
\scratchdimen=\dimen258
\scratchbox=\box115
\nofMPsegments=\count304
\nofMParguments=\count305
\everyMPshowfont=\toks33
\MPscratchCnt=\count306
\MPscratchDim=\dimen259
\MPnumerator=\count307
\makeMPintoPDFobject=\count308
\everyMPtoPDFconversion=\toks34
) (/usr/share/texlive/texmf-dist/tex/latex/epstopdf-pkg/epstopdf-base.sty
Package: epstopdf-base 2020-01-24 v2.11 Base part for package epstopdf
Package epstopdf-base Info: Redefining graphics rule for `.eps' on input line 4
85.

(/usr/share/texlive/texmf-dist/tex/latex/latexconfig/epstopdf-sys.cfg
File: epstopdf-sys.cfg 2010/07/13 v1.3 Configuration of (r)epstopdf for TeX Liv
e
))
*geometry* driver: auto-detecting
*geometry* detected driver: pdftex
*geometry* verbose mode - [ preamble ] result:
* driver: pdftex
* paper: a4paper
* layout: <same size as paper>
* layoutoffset:(h,v)=(0.0pt,0.0pt)
* modes: twoside 
* h-part:(L,W,R)=(71.13188pt, 455.24411pt, 71.13188pt)
* v-part:(T,H,B)=(71.13188pt, 702.78308pt, 71.13188pt)
* \paperwidth=597.50787pt
* \paperheight=845.04684pt
* \textwidth=455.24411pt
* \textheight=702.78308pt
* \oddsidemargin=-1.1381pt
* \evensidemargin=-1.1381pt
* \topmargin=-38.1381pt
* \headheight=12.0pt
* \headsep=25.0pt
* \topskip=10.0pt
* \footskip=30.0pt
* \marginparwidth=121.0pt
* \marginparsep=11.0pt
* \columnsep=10.0pt
* \skip\footins=9.0pt plus 4.0pt minus 2.0pt
* \hoffset=0.0pt
* \voffset=0.0pt
* \mag=1000
* \@twocolumnfalse
* \@twosidetrue
* \@mparswitchtrue
* \@reversemarginfalse
* (1in=72.27pt=25.4mm, 1cm=28.453pt)

Package backref Info: ** backref set up for natbib ** on input line 147.
\AtBeginShipoutBox=\box116
Package hyperref Info: Link coloring ON on input line 147.
(/usr/share/texlive/texmf-dist/tex/latex/hyperref/nameref.sty
Package: nameref 2019/09/16 v2.46 Cross-referencing by name of section

(/usr/share/texlive/texmf-dist/tex/latex/refcount/refcount.sty
Package: refcount 2019/12/15 v3.6 Data extraction from label references (HO)
)
(/usr/share/texlive/texmf-dist/tex/generic/gettitlestring/gettitlestring.sty
Package: gettitlestring 2019/12/15 v1.6 Cleanup title references (HO)
)
\c@section@level=\count309
)
LaTeX Info: Redefining \ref on input line 147.
LaTeX Info: Redefining \pageref on input line 147.
LaTeX Info: Redefining \nameref on input line 147.

(./refman.out) (./refman.out)
\@outlinefile=\write5
\openout5 = `refman.out'.

Package caption Info: Begin \AtBeginDocument code.
Package caption Info: End \AtBeginDocument code.
\Etoc@tf=\read4
Package hyperref Info: Option `pageanchor' set `false' on input line 153.
Package hyperref Info: Option `bookmarksnumbered' set `true' on input line 153.

Package hyperref Info: Option `unicode' set `true' on input line 153.
LaTeX Font Info:    Font shape `T1/phv/m/n' will be
(Font)              scaled to size 12.9599pt on input line 158.
LaTeX Font Info:    Font shape `T1/phv/m/n' will be
(Font)              scaled to size 10.79993pt on input line 160.
 [1

{/var/lib/texmf/fonts/map/pdftex/updmap/pdftex.map}]
\tf@toc=\write6
\openout6 = `refman.toc'.

LaTeX Font Info:    Font shape `T1/phv/b/n' will be
(Font)              scaled to size 8.99994pt on input line 165.
LaTeX Font Info:    Trying to load font information for U+msa on input line 165
.
 (/usr/share/texlive/texmf-dist/tex/latex/amsfonts/umsa.fd
File: umsa.fd 2013/01/14 v3.01 AMS symbols A
)
LaTeX Font Info:    Trying to load font information for U+msb on input line 165
.

(/usr/share/texlive/texmf-dist/tex/latex/amsfonts/umsb.fd
File: umsb.fd 2013/01/14 v3.01 AMS symbols B
)
LaTeX Font Info:    Trying to load font information for U+wasy on input line 16
5.

(/usr/share/texlive/texmf-dist/tex/latex/wasysym/uwasy.fd
File: uwasy.fd 2020/01/19 v2.4 Wasy-2 symbol font definitions
)
LaTeX Font Info:    Font shape `T1/phv/m/n' will be
(Font)              scaled to size 6.29996pt on input line 165.
LaTeX Font Info:    Font shape `T1/phv/b/n' will be
(Font)              scaled to size 6.29996pt on input line 165.
 [1] [2]
Package hyperref Info: Option `pageanchor' set `true' on input line 166.
LaTeX Font Info:    Font shape `T1/phv/b/n' will be
(Font)              scaled to size 12.9599pt on input line 169.

(./md_README.tex
LaTeX Font Info:    Font shape `T1/phv/b/n' will be
(Font)              scaled to size 10.79993pt on input line 1.
LaTeX Font Info:    Trying to load font information for TS1+phv on input line 4
.
 (/usr/share/texlive/texmf-dist/tex/latex/psnfss/ts1phv.fd
File: ts1phv.fd 2001/06/04 scalable font definitions for TS1/phv.
)
LaTeX Font Info:    Font shape `TS1/phv/m/n' will be
(Font)              scaled to size 8.99994pt on input line 4.

Underfull \vbox (badness 10000) has occurred while \output is active []

 [1]
LaTeX Font Info:    Trying to load font information for T1+pcr on input line 11
.

(/usr/share/texlive/texmf-dist/tex/latex/psnfss/t1pcr.fd
File: t1pcr.fd 2001/06/04 font definitions for T1/pcr.
)) (./hierarchy.tex
[2] [3]) (./annotated.tex [4]) (./files.tex

LaTeX Warning: Reference `MemoryRepository_8h' on page 5 undefined on input lin
e 13.

[5]) (./classAbstractRepository.tex

Package hyperref Warning: Token not allowed in a PDF string (Unicode):
(hyperref)                removing `math shift' on input line 1.


Package hyperref Warning: Token not allowed in a PDF string (Unicode):
(hyperref)                removing `math shift' on input line 1.


Package hyperref Warning: Token not allowed in a PDF string (Unicode):
(hyperref)                removing `math shift' on input line 1.


Package hyperref Warning: Token not allowed in a PDF string (Unicode):
(hyperref)                removing `math shift' on input line 1.

 <./classAbstractRepository__inherit__graph.pdf

pdfTeX warning: pdflatex (file ./classAbstractRepository__inherit__graph.pdf): 
PDF inclusion: multiple pdfs with page group included in a single page
>
<classAbstractRepository__inherit__graph.pdf, id=834, 623.32875pt x 212.795pt>
File: classAbstractRepository__inherit__graph.pdf Graphic file (type pdf)
<use classAbstractRepository__inherit__graph.pdf>
Package pdftex.def Info: classAbstractRepository__inherit__graph.pdf  used on i
nput line 19.
(pdftex.def)             Requested size: 350.0pt x 119.48582pt.
LaTeX Font Info:    Font shape `T1/phv/m/n' will be
(Font)              scaled to size 8.09995pt on input line 26.
LaTeX Font Info:    Font shape `T1/phv/m/it' in size <9> not available
(Font)              Font shape `T1/phv/m/sl' tried instead on input line 26.
LaTeX Font Info:    Font shape `T1/phv/m/sl' will be
(Font)              scaled to size 8.09995pt on input line 26.
LaTeX Font Info:    Font shape `T1/phv/bc/n' will be
(Font)              scaled to size 8.99994pt on input line 44.
LaTeX Font Info:    Font shape `T1/phv/bc/n' will be
(Font)              scaled to size 6.29996pt on input line 44.
LaTeX Font Info:    Font shape `T1/phv/m/n' will be
(Font)              scaled to size 7.19995pt on input line 53.
 [6]
LaTeX Font Info:    Font shape `T1/pcr/m/it' in size <8> not available
(Font)              Font shape `T1/pcr/m/sl' tried instead on input line 68.

Underfull \hbox (badness 1325) in paragraph at lines 86--87
[]\T1/phv/m/n/10 Implemented in [], [], [], [],
 []


Underfull \hbox (badness 10000) in paragraph at lines 86--87
[]\T1/phv/m/n/10 , [], [], [],
 []


Underfull \hbox (badness 10000) detected at line 104
[][][]
 []

[7]
Underfull \hbox (badness 1325) in paragraph at lines 114--115
[]\T1/phv/m/n/10 Implemented in [], [], [], [],
 []


Underfull \hbox (badness 10000) in paragraph at lines 114--115
[]\T1/phv/m/n/10 , [], [], [],
 []


Underfull \hbox (badness 10000) detected at line 127
[][][]
 []


Underfull \hbox (badness 1308) in paragraph at lines 132--133
[]\T1/phv/m/n/10 Implemented in [], [], [], [],
 []


Underfull \hbox (badness 756) in paragraph at lines 132--133
[]\T1/phv/m/n/10 , [], [], [],
 []


Underfull \hbox (badness 1325) in paragraph at lines 157--158
[]\T1/phv/m/n/10 Implemented in [], [], [], [],
 []


Underfull \hbox (badness 10000) in paragraph at lines 157--158
[]\T1/phv/m/n/10 , [], [], [],
 []

[8]
Underfull \hbox (badness 1325) in paragraph at lines 177--178
[]\T1/phv/m/n/10 Implemented in [], [], [], [],
 []


Underfull \hbox (badness 10000) in paragraph at lines 177--178
[]\T1/phv/m/n/10 , [], [], [],
 []

) (./classAbstractWatchlist.tex

Package hyperref Warning: Token not allowed in a PDF string (Unicode):
(hyperref)                removing `math shift' on input line 1.


Package hyperref Warning: Token not allowed in a PDF string (Unicode):
(hyperref)                removing `math shift' on input line 1.


Package hyperref Warning: Token not allowed in a PDF string (Unicode):
(hyperref)                removing `math shift' on input line 1.


Package hyperref Warning: Token not allowed in a PDF string (Unicode):
(hyperref)                removing `math shift' on input line 1.

 <./classAbstractWatchlist__inherit__graph.pdf

pdfTeX warning: pdflatex (file ./classAbstractWatchlist__inherit__graph.pdf): P
DF inclusion: multiple pdfs with page group included in a single page
>
<classAbstractWatchlist__inherit__graph.pdf, id=982, 477.785pt x 212.795pt>
File: classAbstractWatchlist__inherit__graph.pdf Graphic file (type pdf)
<use classAbstractWatchlist__inherit__graph.pdf>
Package pdftex.def Info: classAbstractWatchlist__inherit__graph.pdf  used on in
put line 19.
(pdftex.def)             Requested size: 350.0pt x 155.88129pt.
 <./classAbstractWatchlist__coll__graph.pdf

pdfTeX warning: pdflatex (file ./classAbstractWatchlist__coll__graph.pdf): PDF 
inclusion: multiple pdfs with page group included in a single page
>
<classAbstractWatchlist__coll__graph.pdf, id=990, 218.8175pt x 156.585pt>
File: classAbstractWatchlist__coll__graph.pdf Graphic file (type pdf)
<use classAbstractWatchlist__coll__graph.pdf>
Package pdftex.def Info: classAbstractWatchlist__coll__graph.pdf  used on input
 line 29.
(pdftex.def)             Requested size: 218.0pt x 156.00162pt.
 [9]) (./classAppException.tex <./classAppException__inherit__graph.pdf>
<classAppException__inherit__graph.pdf, id=1015, 584.1825pt x 269.005pt>
File: classAppException__inherit__graph.pdf Graphic file (type pdf)
<use classAppException__inherit__graph.pdf>
Package pdftex.def Info: classAppException__inherit__graph.pdf  used on input l
ine 14.
(pdftex.def)             Requested size: 350.0pt x 161.17438pt.
 <./classAppException__coll__graph.pdf

pdfTeX warning: pdflatex (file ./classAppException__coll__graph.pdf): PDF inclu
sion: multiple pdfs with page group included in a single page
>
<classAppException__coll__graph.pdf, id=1023, 166.6225pt x 156.585pt>
File: classAppException__coll__graph.pdf Graphic file (type pdf)
<use classAppException__coll__graph.pdf>
Package pdftex.def Info: classAppException__coll__graph.pdf  used on input line
 24.
(pdftex.def)             Requested size: 166.0pt x 156.01117pt.
 [10]) (./classControllerException.tex <./classControllerException__inherit__gr
aph.pdf>
<classControllerException__inherit__graph.pdf, id=1044, 223.83624pt x 269.005pt
>
File: classControllerException__inherit__graph.pdf Graphic file (type pdf)
<use classControllerException__inherit__graph.pdf>
Package pdftex.def Info: classControllerException__inherit__graph.pdf  used on 
input line 14.
(pdftex.def)             Requested size: 223.0pt x 268.00688pt.
 <./classControllerException__coll__graph.pdf

pdfTeX warning: pdflatex (file ./classControllerException__coll__graph.pdf): PD
F inclusion: multiple pdfs with page group included in a single page
>
<classControllerException__coll__graph.pdf, id=1053, 193.72375pt x 212.795pt>
File: classControllerException__coll__graph.pdf Graphic file (type pdf)
<use classControllerException__coll__graph.pdf>
Package pdftex.def Info: classControllerException__coll__graph.pdf  used on inp
ut line 24.
(pdftex.def)             Requested size: 193.0pt x 212.0022pt.
 [11]) (./classCSVWatchlist.tex

Package hyperref Warning: Token not allowed in a PDF string (Unicode):
(hyperref)                removing `math shift' on input line 1.


Package hyperref Warning: Token not allowed in a PDF string (Unicode):
(hyperref)                removing `math shift' on input line 1.


Package hyperref Warning: Token not allowed in a PDF string (Unicode):
(hyperref)                removing `math shift' on input line 1.


Package hyperref Warning: Token not allowed in a PDF string (Unicode):
(hyperref)                removing `math shift' on input line 1.

 <./classCSVWatchlist__inherit__graph.pdf>
<classCSVWatchlist__inherit__graph.pdf, id=1071, 218.8175pt x 212.795pt>
File: classCSVWatchlist__inherit__graph.pdf Graphic file (type pdf)
<use classCSVWatchlist__inherit__graph.pdf>
Package pdftex.def Info: classCSVWatchlist__inherit__graph.pdf  used on input l
ine 10.
(pdftex.def)             Requested size: 218.0pt x 212.0022pt.
 <./classCSVWatchlist__coll__graph.pdf

pdfTeX warning: pdflatex (file ./classCSVWatchlist__coll__graph.pdf): PDF inclu
sion: multiple pdfs with page group included in a single page
>
<classCSVWatchlist__coll__graph.pdf, id=1079, 218.8175pt x 212.795pt>
File: classCSVWatchlist__coll__graph.pdf Graphic file (type pdf)
<use classCSVWatchlist__coll__graph.pdf>
Package pdftex.def Info: classCSVWatchlist__coll__graph.pdf  used on input line
 20.
(pdftex.def)             Requested size: 218.0pt x 212.0022pt.
 [12]
LaTeX Font Info:    Font shape `T1/pcr/m/it' in size <7> not available
(Font)              Font shape `T1/pcr/m/sl' tried instead on input line 53.
 [13] [14]
Underfull \hbox (badness 10000) detected at line 119
[][][]
 []


Underfull \hbox (badness 10000) detected at line 142
[][][]
 []

[15]) (./classCSVWatchlistTests.tex <./classCSVWatchlistTests__inherit__graph.p
df

pdfTeX warning: pdflatex (file ./classCSVWatchlistTests__inherit__graph.pdf): P
DF inclusion: multiple pdfs with page group included in a single page
>
<classCSVWatchlistTests__inherit__graph.pdf, id=1169, 187.70125pt x 156.585pt>
File: classCSVWatchlistTests__inherit__graph.pdf Graphic file (type pdf)
<use classCSVWatchlistTests__inherit__graph.pdf>
Package pdftex.def Info: classCSVWatchlistTests__inherit__graph.pdf  used on in
put line 10.
(pdftex.def)             Requested size: 187.0pt x 156.00879pt.
 <./classCSVWatchlistTests__coll__graph.pdf

pdfTeX warning: pdflatex (file ./classCSVWatchlistTests__coll__graph.pdf): PDF 
inclusion: multiple pdfs with page group included in a single page
>
<classCSVWatchlistTests__coll__graph.pdf, id=1177, 271.0125pt x 304.13625pt>
File: classCSVWatchlistTests__coll__graph.pdf Graphic file (type pdf)
<use classCSVWatchlistTests__coll__graph.pdf>
Package pdftex.def Info: classCSVWatchlistTests__coll__graph.pdf  used on input
 line 20.
(pdftex.def)             Requested size: 270.0pt x 303.01244pt.

Underfull \vbox (badness 2213) has occurred while \output is active []

 [16])
(./classDomainException.tex <./classDomainException__inherit__graph.pdf>
<classDomainException__inherit__graph.pdf, id=1198, 220.825pt x 269.005pt>
File: classDomainException__inherit__graph.pdf Graphic file (type pdf)
<use classDomainException__inherit__graph.pdf>
Package pdftex.def Info: classDomainException__inherit__graph.pdf  used on inpu
t line 14.
(pdftex.def)             Requested size: 220.0pt x 268.01099pt.

[17] <./classDomainException__coll__graph.pdf>
<classDomainException__coll__graph.pdf, id=1217, 183.68625pt x 212.795pt>
File: classDomainException__coll__graph.pdf Graphic file (type pdf)
<use classDomainException__coll__graph.pdf>
Package pdftex.def Info: classDomainException__coll__graph.pdf  used on input l
ine 24.
(pdftex.def)             Requested size: 183.0pt x 212.01518pt.
 [18])
(./classDynamicVectorException.tex <./classDynamicVectorException__inherit__gra
ph.pdf>
<classDynamicVectorException__inherit__graph.pdf, id=1235, 220.825pt x 269.005p
t>
File: classDynamicVectorException__inherit__graph.pdf Graphic file (type pdf)
<use classDynamicVectorException__inherit__graph.pdf>
Package pdftex.def Info: classDynamicVectorException__inherit__graph.pdf  used 
on input line 14.
(pdftex.def)             Requested size: 220.0pt x 268.01099pt.
 <./classDynamicVectorException__coll__graph.pdf

pdfTeX warning: pdflatex (file ./classDynamicVectorException__coll__graph.pdf):
 PDF inclusion: multiple pdfs with page group included in a single page
>
<classDynamicVectorException__coll__graph.pdf, id=1243, 220.825pt x 269.005pt>
File: classDynamicVectorException__coll__graph.pdf Graphic file (type pdf)
<use classDynamicVectorException__coll__graph.pdf>
Package pdftex.def Info: classDynamicVectorException__coll__graph.pdf  used on 
input line 24.
(pdftex.def)             Requested size: 220.0pt x 268.01099pt.
 [19]) (./classFileRepository.tex

Package hyperref Warning: Token not allowed in a PDF string (Unicode):
(hyperref)                removing `math shift' on input line 1.


Package hyperref Warning: Token not allowed in a PDF string (Unicode):
(hyperref)                removing `math shift' on input line 1.


Package hyperref Warning: Token not allowed in a PDF string (Unicode):
(hyperref)                removing `math shift' on input line 1.


Package hyperref Warning: Token not allowed in a PDF string (Unicode):
(hyperref)                removing `math shift' on input line 1.

 <./classFileRepository__inherit__graph.pdf>
<classFileRepository__inherit__graph.pdf, id=1259, 218.8175pt x 156.585pt>
File: classFileRepository__inherit__graph.pdf Graphic file (type pdf)
<use classFileRepository__inherit__graph.pdf>
Package pdftex.def Info: classFileRepository__inherit__graph.pdf  used on input
 line 19.
(pdftex.def)             Requested size: 218.0pt x 156.00162pt.
 <./classFileRepository__coll__graph.pdf

pdfTeX warning: pdflatex (file ./classFileRepository__coll__graph.pdf): PDF inc
lusion: multiple pdfs with page group included in a single page
>
<classFileRepository__coll__graph.pdf, id=1267, 218.8175pt x 156.585pt>
File: classFileRepository__coll__graph.pdf Graphic file (type pdf)
<use classFileRepository__coll__graph.pdf>
Package pdftex.def Info: classFileRepository__coll__graph.pdf  used on input li
ne 29.
(pdftex.def)             Requested size: 218.0pt x 156.00162pt.
 [20] [21]
Underfull \hbox (badness 10000) detected at line 123
[][][]
 []


Underfull \hbox (badness 10000) detected at line 146
[][][]
 []

[22]) (./classFileRepositoryTests.tex <./classFileRepositoryTests__inherit__gra
ph.pdf

pdfTeX warning: pdflatex (file ./classFileRepositoryTests__inherit__graph.pdf):
 PDF inclusion: multiple pdfs with page group included in a single page
>
<classFileRepositoryTests__inherit__graph.pdf, id=1346, 190.7125pt x 156.585pt>

File: classFileRepositoryTests__inherit__graph.pdf Graphic file (type pdf)
<use classFileRepositoryTests__inherit__graph.pdf>
Package pdftex.def Info: classFileRepositoryTests__inherit__graph.pdf  used on 
input line 10.
(pdftex.def)             Requested size: 190.0pt x 156.0064pt.
 [23] <./classFileRepositoryTests__coll__graph.pdf

pdfTeX warning: pdflatex (file ./classFileRepositoryTests__coll__graph.pdf): PD
F inclusion: multiple pdfs with page group included in a single page
>
<classFileRepositoryTests__coll__graph.pdf, id=1366, 313.17pt x 235.88126pt>
File: classFileRepositoryTests__coll__graph.pdf Graphic file (type pdf)
<use classFileRepositoryTests__coll__graph.pdf>
Package pdftex.def Info: classFileRepositoryTests__coll__graph.pdf  used on inp
ut line 20.
(pdftex.def)             Requested size: 312.0pt x 235.00964pt.
) (./classHTMLWatchlist.tex

Package hyperref Warning: Token not allowed in a PDF string (Unicode):
(hyperref)                removing `math shift' on input line 1.


Package hyperref Warning: Token not allowed in a PDF string (Unicode):
(hyperref)                removing `math shift' on input line 1.


Package hyperref Warning: Token not allowed in a PDF string (Unicode):
(hyperref)                removing `math shift' on input line 1.


Package hyperref Warning: Token not allowed in a PDF string (Unicode):
(hyperref)                removing `math shift' on input line 1.

 <./classHTMLWatchlist__inherit__graph.pdf

pdfTeX warning: pdflatex (file ./classHTMLWatchlist__inherit__graph.pdf): PDF i
nclusion: multiple pdfs with page group included in a single page
>
<classHTMLWatchlist__inherit__graph.pdf, id=1377, 218.8175pt x 212.795pt>
File: classHTMLWatchlist__inherit__graph.pdf Graphic file (type pdf)
<use classHTMLWatchlist__inherit__graph.pdf>
Package pdftex.def Info: classHTMLWatchlist__inherit__graph.pdf  used on input 
line 10.
(pdftex.def)             Requested size: 218.0pt x 212.0022pt.
 [24] <./classHTMLWatchlist__coll__graph.pdf>
<classHTMLWatchlist__coll__graph.pdf, id=1397, 218.8175pt x 212.795pt>
File: classHTMLWatchlist__coll__graph.pdf Graphic file (type pdf)
<use classHTMLWatchlist__coll__graph.pdf>
Package pdftex.def Info: classHTMLWatchlist__coll__graph.pdf  used on input lin
e 20.
(pdftex.def)             Requested size: 218.0pt x 212.0022pt.
 [25] [26]
Underfull \hbox (badness 10000) detected at line 119
[][][]
 []


Underfull \hbox (badness 10000) detected at line 142
[][][]
 []

[27]) (./classHTMLWatchlistTests.tex <./classHTMLWatchlistTests__inherit__graph
.pdf

pdfTeX warning: pdflatex (file ./classHTMLWatchlistTests__inherit__graph.pdf): 
PDF inclusion: multiple pdfs with page group included in a single page
>
<classHTMLWatchlistTests__inherit__graph.pdf, id=1475, 194.7275pt x 156.585pt>
File: classHTMLWatchlistTests__inherit__graph.pdf Graphic file (type pdf)
<use classHTMLWatchlistTests__inherit__graph.pdf>
Package pdftex.def Info: classHTMLWatchlistTests__inherit__graph.pdf  used on i
nput line 10.
(pdftex.def)             Requested size: 194.0pt x 156.0064pt.

Underfull \vbox (badness 2582) has occurred while \output is active []

 [28] <./classHTMLWatchlistTests__coll__graph.pdf

pdfTeX warning: pdflatex (file ./classHTMLWatchlistTests__coll__graph.pdf): PDF
 inclusion: multiple pdfs with page group included in a single page
>
<classHTMLWatchlistTests__coll__graph.pdf, id=1494, 281.05pt x 304.13625pt>
File: classHTMLWatchlistTests__coll__graph.pdf Graphic file (type pdf)
<use classHTMLWatchlistTests__coll__graph.pdf>
Package pdftex.def Info: classHTMLWatchlistTests__coll__graph.pdf  used on inpu
t line 20.
(pdftex.def)             Requested size: 280.0pt x 303.01707pt.
 [29]) (./classMemoryRepository.tex

Package hyperref Warning: Token not allowed in a PDF string (Unicode):
(hyperref)                removing `math shift' on input line 1.


Package hyperref Warning: Token not allowed in a PDF string (Unicode):
(hyperref)                removing `math shift' on input line 1.


Package hyperref Warning: Token not allowed in a PDF string (Unicode):
(hyperref)                removing `math shift' on input line 1.


Package hyperref Warning: Token not allowed in a PDF string (Unicode):
(hyperref)                removing `math shift' on input line 1.

 <./classMemoryRepository__inherit__graph.pdf>
<classMemoryRepository__inherit__graph.pdf, id=1515, 218.8175pt x 156.585pt>
File: classMemoryRepository__inherit__graph.pdf Graphic file (type pdf)
<use classMemoryRepository__inherit__graph.pdf>
Package pdftex.def Info: classMemoryRepository__inherit__graph.pdf  used on inp
ut line 19.
(pdftex.def)             Requested size: 218.0pt x 156.00162pt.
 <./classMemoryRepository__coll__graph.pdf

pdfTeX warning: pdflatex (file ./classMemoryRepository__coll__graph.pdf): PDF i
nclusion: multiple pdfs with page group included in a single page
>
<classMemoryRepository__coll__graph.pdf, id=1524, 218.8175pt x 156.585pt>
File: classMemoryRepository__coll__graph.pdf Graphic file (type pdf)
<use classMemoryRepository__coll__graph.pdf>
Package pdftex.def Info: classMemoryRepository__coll__graph.pdf  used on input 
line 29.
(pdftex.def)             Requested size: 218.0pt x 156.00162pt.
 [30] [31]
Underfull \hbox (badness 10000) detected at line 101
[][][]
 []


Underfull \hbox (badness 10000) detected at line 124
[][][]
 []


Underfull \vbox (badness 10000) has occurred while \output is active []

 [32])
(./classMemoryRepositoryTests.tex <./classMemoryRepositoryTests__inherit__graph
.pdf

pdfTeX warning: pdflatex (file ./classMemoryRepositoryTests__inherit__graph.pdf
): PDF inclusion: multiple pdfs with page group included in a single page
>
<classMemoryRepositoryTests__inherit__graph.pdf, id=1592, 214.8025pt x 156.585p
t>
File: classMemoryRepositoryTests__inherit__graph.pdf Graphic file (type pdf)
<use classMemoryRepositoryTests__inherit__graph.pdf>
Package pdftex.def Info: classMemoryRepositoryTests__inherit__graph.pdf  used o
n input line 10.
(pdftex.def)             Requested size: 214.0pt x 156.00162pt.
 <./classMemoryRepositoryTests__coll__graph.pdf

pdfTeX warning: pdflatex (file ./classMemoryRepositoryTests__coll__graph.pdf): 
PDF inclusion: multiple pdfs with page group included in a single page
>
<classMemoryRepositoryTests__coll__graph.pdf, id=1600, 309.155pt x 235.88126pt>

File: classMemoryRepositoryTests__coll__graph.pdf Graphic file (type pdf)
<use classMemoryRepositoryTests__coll__graph.pdf>
Package pdftex.def Info: classMemoryRepositoryTests__coll__graph.pdf  used on i
nput line 20.
(pdftex.def)             Requested size: 308.0pt x 235.02045pt.
 [33]) (./classMemoryWatchlist.tex

Package hyperref Warning: Token not allowed in a PDF string (Unicode):
(hyperref)                removing `math shift' on input line 1.


Package hyperref Warning: Token not allowed in a PDF string (Unicode):
(hyperref)                removing `math shift' on input line 1.


Package hyperref Warning: Token not allowed in a PDF string (Unicode):
(hyperref)                removing `math shift' on input line 1.


Package hyperref Warning: Token not allowed in a PDF string (Unicode):
(hyperref)                removing `math shift' on input line 1.

 <./classMemoryWatchlist__inherit__graph.pdf>
<classMemoryWatchlist__inherit__graph.pdf, id=1620, 218.8175pt x 212.795pt>
File: classMemoryWatchlist__inherit__graph.pdf Graphic file (type pdf)
<use classMemoryWatchlist__inherit__graph.pdf>
Package pdftex.def Info: classMemoryWatchlist__inherit__graph.pdf  used on inpu
t line 10.
(pdftex.def)             Requested size: 218.0pt x 212.0022pt.
 <./classMemoryWatchlist__coll__graph.pdf

pdfTeX warning: pdflatex (file ./classMemoryWatchlist__coll__graph.pdf): PDF in
clusion: multiple pdfs with page group included in a single page
>
<classMemoryWatchlist__coll__graph.pdf, id=1628, 218.8175pt x 212.795pt>
File: classMemoryWatchlist__coll__graph.pdf Graphic file (type pdf)
<use classMemoryWatchlist__coll__graph.pdf>
Package pdftex.def Info: classMemoryWatchlist__coll__graph.pdf  used on input l
ine 20.
(pdftex.def)             Requested size: 218.0pt x 212.0022pt.
 [34] [35]
Underfull \hbox (badness 10000) detected at line 101
[][][]
 []

[36]
Underfull \hbox (badness 10000) detected at line 124
[][][]
 []


Underfull \vbox (badness 10000) has occurred while \output is active []

 [37])
(./classMemoryWatchlistTests.tex <./classMemoryWatchlistTests__inherit__graph.p
df

pdfTeX warning: pdflatex (file ./classMemoryWatchlistTests__inherit__graph.pdf)
: PDF inclusion: multiple pdfs with page group included in a single page
>
<classMemoryWatchlistTests__inherit__graph.pdf, id=1720, 208.78pt x 156.585pt>
File: classMemoryWatchlistTests__inherit__graph.pdf Graphic file (type pdf)
<use classMemoryWatchlistTests__inherit__graph.pdf>
Package pdftex.def Info: classMemoryWatchlistTests__inherit__graph.pdf  used on
 input line 10.
(pdftex.def)             Requested size: 208.0pt x 156.00879pt.
 <./classMemoryWatchlistTests__coll__graph.pdf

pdfTeX warning: pdflatex (file ./classMemoryWatchlistTests__coll__graph.pdf): P
DF inclusion: multiple pdfs with page group included in a single page
>
<classMemoryWatchlistTests__coll__graph.pdf, id=1728, 321.2pt x 304.13625pt>
File: classMemoryWatchlistTests__coll__graph.pdf Graphic file (type pdf)
<use classMemoryWatchlistTests__coll__graph.pdf>
Package pdftex.def Info: classMemoryWatchlistTests__coll__graph.pdf  used on in
put line 20.
(pdftex.def)             Requested size: 320.0pt x 303.0078pt.
 [38]) (./classMovie.tex [39]
LaTeX Font Info:    Font shape `T1/phv/b/n' will be
(Font)              scaled to size 7.19995pt on input line 60.
 [40]
Underfull \hbox (badness 10000) detected at line 99
[][][]
 []


Underfull \hbox (badness 10000) detected at line 112
[][][]
 []


Underfull \hbox (badness 10000) detected at line 125
[][][]
 []


Underfull \hbox (badness 10000) detected at line 138
[][][]
 []


Underfull \hbox (badness 10000) detected at line 151
[][][]
 []


Underfull \hbox (badness 10000) detected at line 164
[][][]
 []

[41]
Underfull \hbox (badness 10000) detected at line 182
[][][]
 []


Underfull \hbox (badness 10000) detected at line 200
[][][]
 []

[42] [43]
Underfull \hbox (badness 10000) detected at line 298
[][][]
 []


Underfull \hbox (badness 10000) detected at line 318
[][][]
 []

) (./classMovieController.tex [44]
LaTeX Font Info:    Font shape `TS1/phv/m/it' in size <9> not available
(Font)              Font shape `TS1/phv/m/sl' tried instead on input line 41.
LaTeX Font Info:    Font shape `TS1/phv/m/sl' will be
(Font)              scaled to size 8.09995pt on input line 41.
 [45]
Underfull \hbox (badness 10000) detected at line 103
[][][]
 []


Underfull \hbox (badness 10000) detected at line 138
[][][]
 []

[46]
Underfull \hbox (badness 10000) detected at line 171
[][][]
 []


Underfull \hbox (badness 10000) detected at line 189
[][][]
 []

[47]) (./classMovieControllerException.tex <./classMovieControllerException__in
herit__graph.pdf

pdfTeX warning: pdflatex (file ./classMovieControllerException__inherit__graph.
pdf): PDF inclusion: multiple pdfs with page group included in a single page
>
<classMovieControllerException__inherit__graph.pdf, id=1945, 223.83624pt x 269.
005pt>
File: classMovieControllerException__inherit__graph.pdf Graphic file (type pdf)

<use classMovieControllerException__inherit__graph.pdf>
Package pdftex.def Info: classMovieControllerException__inherit__graph.pdf  use
d on input line 14.
(pdftex.def)             Requested size: 223.0pt x 268.00688pt.

Underfull \vbox (badness 5203) has occurred while \output is active []

 [48] <./classMovieControllerException__coll__graph.pdf

pdfTeX warning: pdflatex (file ./classMovieControllerException__coll__graph.pdf
): PDF inclusion: multiple pdfs with page group included in a single page
>
<classMovieControllerException__coll__graph.pdf, id=1962, 223.83624pt x 269.005
pt>
File: classMovieControllerException__coll__graph.pdf Graphic file (type pdf)
<use classMovieControllerException__coll__graph.pdf>
Package pdftex.def Info: classMovieControllerException__coll__graph.pdf  used o
n input line 24.
(pdftex.def)             Requested size: 223.0pt x 268.00688pt.
 [49]) (./classMovieControllerTests.tex <./classMovieControllerTests__inherit__
graph.pdf>
<classMovieControllerTests__inherit__graph.pdf, id=1980, 199.74625pt x 156.585p
t>
File: classMovieControllerTests__inherit__graph.pdf Graphic file (type pdf)
<use classMovieControllerTests__inherit__graph.pdf>
Package pdftex.def Info: classMovieControllerTests__inherit__graph.pdf  used on
 input line 10.
(pdftex.def)             Requested size: 199.0pt x 156.00879pt.
 <./classMovieControllerTests__coll__graph.pdf

pdfTeX warning: pdflatex (file ./classMovieControllerTests__coll__graph.pdf): P
DF inclusion: multiple pdfs with page group included in a single page
>
<classMovieControllerTests__coll__graph.pdf, id=1988, 516.93124pt x 323.2075pt>

File: classMovieControllerTests__coll__graph.pdf Graphic file (type pdf)
<use classMovieControllerTests__coll__graph.pdf>
Package pdftex.def Info: classMovieControllerTests__coll__graph.pdf  used on in
put line 20.
(pdftex.def)             Requested size: 350.0pt x 218.84116pt.
 [50]) (./classMovieValidator.tex [51]) (./classRepositoryException.tex <./clas
sRepositoryException__inherit__graph.pdf

pdfTeX warning: pdflatex (file ./classRepositoryException__inherit__graph.pdf):
 PDF inclusion: multiple pdfs with page group included in a single page
>
<classRepositoryException__inherit__graph.pdf, id=2033, 197.73875pt x 212.795pt
>
File: classRepositoryException__inherit__graph.pdf Graphic file (type pdf)
<use classRepositoryException__inherit__graph.pdf>
Package pdftex.def Info: classRepositoryException__inherit__graph.pdf  used on 
input line 14.
(pdftex.def)             Requested size: 197.0pt x 212.0022pt.
 <./classRepositoryException__coll__graph.pdf

pdfTeX warning: pdflatex (file ./classRepositoryException__coll__graph.pdf): PD
F inclusion: multiple pdfs with page group included in a single page
>
<classRepositoryException__coll__graph.pdf, id=2041, 197.73875pt x 212.795pt>
File: classRepositoryException__coll__graph.pdf Graphic file (type pdf)
<use classRepositoryException__coll__graph.pdf>
Package pdftex.def Info: classRepositoryException__coll__graph.pdf  used on inp
ut line 24.
(pdftex.def)             Requested size: 197.0pt x 212.0022pt.
 [52]) (./classUI.tex [53]) (./classUIException.tex <./classUIException__inheri
t__graph.pdf

pdfTeX warning: pdflatex (file ./classUIException__inherit__graph.pdf): PDF inc
lusion: multiple pdfs with page group included in a single page
>
<classUIException__inherit__graph.pdf, id=2079, 166.6225pt x 212.795pt>
File: classUIException__inherit__graph.pdf Graphic file (type pdf)
<use classUIException__inherit__graph.pdf>
Package pdftex.def Info: classUIException__inherit__graph.pdf  used on input li
ne 14.
(pdftex.def)             Requested size: 166.0pt x 212.01518pt.
 <./classUIException__coll__graph.pdf

pdfTeX warning: pdflatex (file ./classUIException__coll__graph.pdf): PDF inclus
ion: multiple pdfs with page group included in a single page
>
<classUIException__coll__graph.pdf, id=2087, 166.6225pt x 212.795pt>
File: classUIException__coll__graph.pdf Graphic file (type pdf)
<use classUIException__coll__graph.pdf>
Package pdftex.def Info: classUIException__coll__graph.pdf  used on input line 
24.
(pdftex.def)             Requested size: 166.0pt x 212.01518pt.
 [54]) (./main_8cpp.tex <./main_8cpp__incl.pdf>
<main_8cpp__incl.pdf, id=2104, 863.225pt x 381.425pt>
File: main_8cpp__incl.pdf Graphic file (type pdf)
<use main_8cpp__incl.pdf>
Package pdftex.def Info: main_8cpp__incl.pdf  used on input line 18.
(pdftex.def)             Requested size: 350.0pt x 154.65088pt.
) (./MovieController_8h.tex <./MovieController_8h__incl.pdf

pdfTeX warning: pdflatex (file ./MovieController_8h__incl.pdf): PDF inclusion: 
multiple pdfs with page group included in a single page
>
<MovieController_8h__incl.pdf, id=2112, 305.14pt x 280.04625pt>
File: MovieController_8h__incl.pdf Graphic file (type pdf)
<use MovieController_8h__incl.pdf>
Package pdftex.def Info: MovieController_8h__incl.pdf  used on input line 11.
(pdftex.def)             Requested size: 304.0pt x 279.01143pt.
 [55] <./MovieController_8h__dep__incl.pdf>
<MovieController_8h__dep__incl.pdf, id=2130, 437.635pt x 223.83624pt>
File: MovieController_8h__dep__incl.pdf Graphic file (type pdf)
<use MovieController_8h__dep__incl.pdf>
Package pdftex.def Info: MovieController_8h__dep__incl.pdf  used on input line 
19.
(pdftex.def)             Requested size: 350.0pt x 179.01459pt.
) (./Exceptions_8h.tex [56] <./Exceptions_8h__incl.pdf>
<Exceptions_8h__incl.pdf, id=2148, 237.88875pt x 156.585pt>
File: Exceptions_8h__incl.pdf Graphic file (type pdf)
<use Exceptions_8h__incl.pdf>
Package pdftex.def Info: Exceptions_8h__incl.pdf  used on input line 9.
(pdftex.def)             Requested size: 237.0pt x 156.0064pt.
 <./Exceptions_8h__dep__incl.pdf

pdfTeX warning: pdflatex (file ./Exceptions_8h__dep__incl.pdf): PDF inclusion: 
multiple pdfs with page group included in a single page
>
<Exceptions_8h__dep__incl.pdf, id=2156, 2123.935pt x 234.8775pt>
File: Exceptions_8h__dep__incl.pdf Graphic file (type pdf)
<use Exceptions_8h__dep__incl.pdf>
Package pdftex.def Info: Exceptions_8h__dep__incl.pdf  used on input line 17.
(pdftex.def)             Requested size: 350.0pt x 38.70293pt.
) (./Movie_8h.tex <./Movie_8h__incl.pdf

pdfTeX warning: pdflatex (file ./Movie_8h__incl.pdf): PDF inclusion: multiple p
dfs with page group included in a single page
>
<Movie_8h__incl.pdf, id=2171, 214.8025pt x 156.585pt>
File: Movie_8h__incl.pdf Graphic file (type pdf)
<use Movie_8h__incl.pdf>
Package pdftex.def Info: Movie_8h__incl.pdf  used on input line 9.
(pdftex.def)             Requested size: 214.0pt x 156.00162pt.
 [57] <./Movie_8h__dep__incl.pdf>
<Movie_8h__dep__incl.pdf, id=2188, 2215.27625pt x 280.04625pt>
File: Movie_8h__dep__incl.pdf Graphic file (type pdf)
<use Movie_8h__dep__incl.pdf>
Package pdftex.def Info: Movie_8h__dep__incl.pdf  used on input line 17.
(pdftex.def)             Requested size: 350.0pt x 44.24425pt.
) (./MovieValidator_8h.tex <./MovieValidator_8h__incl.pdf

pdfTeX warning: pdflatex (file ./MovieValidator_8h__incl.pdf): PDF inclusion: m
ultiple pdfs with page group included in a single page
>
<MovieValidator_8h__incl.pdf, id=2198, 258.9675pt x 212.795pt>
File: MovieValidator_8h__incl.pdf Graphic file (type pdf)
<use MovieValidator_8h__incl.pdf>
Package pdftex.def Info: MovieValidator_8h__incl.pdf  used on input line 10.
(pdftex.def)             Requested size: 258.0pt x 212.02167pt.
 [58] <./MovieValidator_8h__dep__incl.pdf>
<MovieValidator_8h__dep__incl.pdf, id=2215, 391.4625pt x 156.585pt>
File: MovieValidator_8h__dep__incl.pdf Graphic file (type pdf)
<use MovieValidator_8h__dep__incl.pdf>
Package pdftex.def Info: MovieValidator_8h__dep__incl.pdf  used on input line 1
8.
(pdftex.def)             Requested size: 350.0pt x 140.00769pt.
) (./AbstractRepository_8h.tex <./AbstractRepository_8h__incl.pdf

pdfTeX warning: pdflatex (file ./AbstractRepository_8h__incl.pdf): PDF inclusio
n: multiple pdfs with page group included in a single page
>
<AbstractRepository_8h__incl.pdf, id=2224, 200.75pt x 167.62625pt>
File: AbstractRepository_8h__incl.pdf Graphic file (type pdf)
<use AbstractRepository_8h__incl.pdf>
Package pdftex.def Info: AbstractRepository_8h__incl.pdf  used on input line 9.

(pdftex.def)             Requested size: 200.0pt x 167.01195pt.
 [59] <./AbstractRepository_8h__dep__incl.pdf>
<AbstractRepository_8h__dep__incl.pdf, id=2240, 1862.96pt x 369.38pt>
File: AbstractRepository_8h__dep__incl.pdf Graphic file (type pdf)
<use AbstractRepository_8h__dep__incl.pdf>
Package pdftex.def Info: AbstractRepository_8h__dep__incl.pdf  used on input li
ne 17.
(pdftex.def)             Requested size: 350.0pt x 69.39384pt.
) (./AbstractWatchlist_8h.tex <./AbstractWatchlist_8h__incl.pdf

pdfTeX warning: pdflatex (file ./AbstractWatchlist_8h__incl.pdf): PDF inclusion
: multiple pdfs with page group included in a single page
>
<AbstractWatchlist_8h__incl.pdf, id=2249, 197.73875pt x 223.83624pt>
File: AbstractWatchlist_8h__incl.pdf Graphic file (type pdf)
<use AbstractWatchlist_8h__incl.pdf>
Package pdftex.def Info: AbstractWatchlist_8h__incl.pdf  used on input line 9.
(pdftex.def)             Requested size: 197.0pt x 223.00232pt.

Underfull \vbox (badness 1448) has occurred while \output is active []

 [60] <./AbstractWatchlist_8h__dep__incl.pdf>
<AbstractWatchlist_8h__dep__incl.pdf, id=2265, 1491.5725pt x 302.12875pt>
File: AbstractWatchlist_8h__dep__incl.pdf Graphic file (type pdf)
<use AbstractWatchlist_8h__dep__incl.pdf>
Package pdftex.def Info: AbstractWatchlist_8h__dep__incl.pdf  used on input lin
e 17.
(pdftex.def)             Requested size: 350.0pt x 70.89423pt.
) (./CSVWatchlist_8h.tex <./CSVWatchlist_8h__incl.pdf

pdfTeX warning: pdflatex (file ./CSVWatchlist_8h__incl.pdf): PDF inclusion: mul
tiple pdfs with page group included in a single page
>
<CSVWatchlist_8h__incl.pdf, id=2275, 299.1175pt x 280.04625pt>
File: CSVWatchlist_8h__incl.pdf Graphic file (type pdf)
<use CSVWatchlist_8h__incl.pdf>
Package pdftex.def Info: CSVWatchlist_8h__incl.pdf  used on input line 11.
(pdftex.def)             Requested size: 298.0pt x 279.01999pt.
 [61] <./CSVWatchlist_8h__dep__incl.pdf>
<CSVWatchlist_8h__dep__incl.pdf, id=2291, 534.99875pt x 178.6675pt>
File: CSVWatchlist_8h__dep__incl.pdf Graphic file (type pdf)
<use CSVWatchlist_8h__dep__incl.pdf>
Package pdftex.def Info: CSVWatchlist_8h__dep__incl.pdf  used on input line 19.

(pdftex.def)             Requested size: 350.0pt x 116.89038pt.
) (./FileRepository_8h.tex <./FileRepository_8h__incl.pdf

pdfTeX warning: pdflatex (file ./FileRepository_8h__incl.pdf): PDF inclusion: m
ultiple pdfs with page group included in a single page
>
<FileRepository_8h__incl.pdf, id=2302, 291.0875pt x 223.83624pt>
File: FileRepository_8h__incl.pdf Graphic file (type pdf)
<use FileRepository_8h__incl.pdf>
Package pdftex.def Info: FileRepository_8h__incl.pdf  used on input line 11.
(pdftex.def)             Requested size: 290.0pt x 223.01598pt.
 [62] <./FileRepository_8h__dep__incl.pdf>
<FileRepository_8h__dep__incl.pdf, id=2318, 541.02126pt x 178.6675pt>
File: FileRepository_8h__dep__incl.pdf Graphic file (type pdf)
<use FileRepository_8h__dep__incl.pdf>
Package pdftex.def Info: FileRepository_8h__dep__incl.pdf  used on input line 1
9.
(pdftex.def)             Requested size: 350.0pt x 115.58723pt.
) (./HTMLWatchlist_8h.tex <./HTMLWatchlist_8h__incl.pdf

pdfTeX warning: pdflatex (file ./HTMLWatchlist_8h__incl.pdf): PDF inclusion: mu
ltiple pdfs with page group included in a single page
>
<HTMLWatchlist_8h__incl.pdf, id=2327, 299.1175pt x 280.04625pt>
File: HTMLWatchlist_8h__incl.pdf Graphic file (type pdf)
<use HTMLWatchlist_8h__incl.pdf>
Package pdftex.def Info: HTMLWatchlist_8h__incl.pdf  used on input line 11.
(pdftex.def)             Requested size: 298.0pt x 279.01999pt.
 [63] <./HTMLWatchlist_8h__dep__incl.pdf>
<HTMLWatchlist_8h__dep__incl.pdf, id=2343, 351.3125pt x 178.6675pt>
File: HTMLWatchlist_8h__dep__incl.pdf Graphic file (type pdf)
<use HTMLWatchlist_8h__dep__incl.pdf>
Package pdftex.def Info: HTMLWatchlist_8h__dep__incl.pdf  used on input line 19
.
(pdftex.def)             Requested size: 350.0pt x 178.01274pt.
) (./MemoryWatchlist_8h.tex [64] <./MemoryWatchlist_8h__incl.pdf>
<MemoryWatchlist_8h__incl.pdf, id=2363, 291.0875pt x 280.04625pt>
File: MemoryWatchlist_8h__incl.pdf Graphic file (type pdf)
<use MemoryWatchlist_8h__incl.pdf>
Package pdftex.def Info: MemoryWatchlist_8h__incl.pdf  used on input line 11.
(pdftex.def)             Requested size: 290.0pt x 279.01999pt.
 <./MemoryWatchlist_8h__dep__incl.pdf

pdfTeX warning: pdflatex (file ./MemoryWatchlist_8h__dep__incl.pdf): PDF inclus
ion: multiple pdfs with page group included in a single page
>
<MemoryWatchlist_8h__dep__incl.pdf, id=2371, 577.15625pt x 178.6675pt>
File: MemoryWatchlist_8h__dep__incl.pdf Graphic file (type pdf)
<use MemoryWatchlist_8h__dep__incl.pdf>
Package pdftex.def Info: MemoryWatchlist_8h__dep__incl.pdf  used on input line 
19.
(pdftex.def)             Requested size: 350.0pt x 108.35179pt.
) (./UI_8h.tex <./UI_8h__incl.pdf

pdfTeX warning: pdflatex (file ./UI_8h__incl.pdf): PDF inclusion: multiple pdfs
 with page group included in a single page
>
<UI_8h__incl.pdf, id=2380, 305.14pt x 325.215pt>
File: UI_8h__incl.pdf Graphic file (type pdf)
<use UI_8h__incl.pdf>
Package pdftex.def Info: UI_8h__incl.pdf  used on input line 9.
(pdftex.def)             Requested size: 304.0pt x 324.0133pt.
 [65] <./UI_8h__dep__incl.pdf>
<UI_8h__dep__incl.pdf, id=2396, 258.9675pt x 156.585pt>
File: UI_8h__dep__incl.pdf Graphic file (type pdf)
<use UI_8h__dep__incl.pdf>
Package pdftex.def Info: UI_8h__dep__incl.pdf  used on input line 17.
(pdftex.def)             Requested size: 258.0pt x 156.01595pt.
 [66]) (./MovieController_8cpp.tex <./MovieController_8cpp__incl.pdf>
<MovieController_8cpp__incl.pdf, id=2413, 500.87125pt x 325.215pt>
File: MovieController_8cpp__incl.pdf Graphic file (type pdf)
<use MovieController_8cpp__incl.pdf>
Package pdftex.def Info: MovieController_8cpp__incl.pdf  used on input line 13.

(pdftex.def)             Requested size: 350.0pt x 227.26187pt.
) (./Movie_8cpp.tex <./Movie_8cpp__incl.pdf

pdfTeX warning: pdflatex (file ./Movie_8cpp__incl.pdf): PDF inclusion: multiple
 pdfs with page group included in a single page
>
<Movie_8cpp__incl.pdf, id=2422, 289.08pt x 269.005pt>
File: Movie_8cpp__incl.pdf Graphic file (type pdf)
<use Movie_8cpp__incl.pdf>
Package pdftex.def Info: Movie_8cpp__incl.pdf  used on input line 11.
(pdftex.def)             Requested size: 288.0pt x 268.01509pt.
 [67] [68]
Underfull \hbox (badness 10000) detected at line 40
[][][]
 []


Underfull \hbox (badness 10000) detected at line 56
[][][]
 []

) (./MovieValidator_8cpp.tex <./MovieValidator_8cpp__incl.pdf>
<MovieValidator_8cpp__incl.pdf, id=2456, 248.93pt x 269.005pt>
File: MovieValidator_8cpp__incl.pdf Graphic file (type pdf)
<use MovieValidator_8cpp__incl.pdf>
Package pdftex.def Info: MovieValidator_8cpp__incl.pdf  used on input line 11.
(pdftex.def)             Requested size: 248.0pt x 268.00688pt.
)
(./CSVWatchlist_8cpp.tex <./CSVWatchlist_8cpp__incl.pdf

pdfTeX warning: pdflatex (file ./CSVWatchlist_8cpp__incl.pdf): PDF inclusion: m
ultiple pdfs with page group included in a single page
>
<CSVWatchlist_8cpp__incl.pdf, id=2464, 514.92375pt x 325.215pt>
File: CSVWatchlist_8cpp__incl.pdf Graphic file (type pdf)
<use CSVWatchlist_8cpp__incl.pdf>
Package pdftex.def Info: CSVWatchlist_8cpp__incl.pdf  used on input line 14.
(pdftex.def)             Requested size: 350.0pt x 221.05891pt.
 [69]) (./FileRepository_8cpp.tex <./FileRepository_8cpp__incl.pdf>
<FileRepository_8cpp__incl.pdf, id=2480, 472.76625pt x 269.005pt>
File: FileRepository_8cpp__incl.pdf Graphic file (type pdf)
<use FileRepository_8cpp__incl.pdf>
Package pdftex.def Info: FileRepository_8cpp__incl.pdf  used on input line 14.
(pdftex.def)             Requested size: 350.0pt x 199.15498pt.

Underfull \vbox (badness 1348) has occurred while \output is active []

 [70])
(./MemoryWatchlist_8cpp.tex <./MemoryWatchlist_8cpp__incl.pdf>
<MemoryWatchlist_8cpp__incl.pdf, id=2495, 515.9275pt x 325.215pt>
File: MemoryWatchlist_8cpp__incl.pdf Graphic file (type pdf)
<use MemoryWatchlist_8cpp__incl.pdf>
Package pdftex.def Info: MemoryWatchlist_8cpp__incl.pdf  used on input line 14.

(pdftex.def)             Requested size: 350.0pt x 220.62718pt.
) (./UI_8cpp.tex
[71] <./UI_8cpp__incl.pdf>
<UI_8cpp__incl.pdf, id=2510, 512.91624pt x 381.425pt>
File: UI_8cpp__incl.pdf Graphic file (type pdf)
<use UI_8cpp__incl.pdf>
Package pdftex.def Info: UI_8cpp__incl.pdf  used on input line 13.
(pdftex.def)             Requested size: 350.0pt x 260.27348pt.
) (./CSVWatchlistTests_8cpp.tex <./CSVWatchlistTests_8cpp__incl.pdf

pdfTeX warning: pdflatex (file ./CSVWatchlistTests_8cpp__incl.pdf): PDF inclusi
on: multiple pdfs with page group included in a single page
>
<CSVWatchlistTests_8cpp__incl.pdf, id=2519, 503.8825pt x 336.25626pt>
File: CSVWatchlistTests_8cpp__incl.pdf Graphic file (type pdf)
<use CSVWatchlistTests_8cpp__incl.pdf>
Package pdftex.def Info: CSVWatchlistTests_8cpp__incl.pdf  used on input line 1
3.
(pdftex.def)             Requested size: 350.0pt x 233.56657pt.
 [72]) (./FileRepositoryTests_8cpp.tex <./FileRepositoryTests_8cpp__incl.pdf>
<FileRepositoryTests_8cpp__incl.pdf, id=2539, 505.89pt x 280.04625pt>
File: FileRepositoryTests_8cpp__incl.pdf Graphic file (type pdf)
<use FileRepositoryTests_8cpp__incl.pdf>
Package pdftex.def Info: FileRepositoryTests_8cpp__incl.pdf  used on input line
 13.
(pdftex.def)             Requested size: 350.0pt x 193.75343pt.

[73]) (./HTMLWatchlistTests_8cpp.tex <./HTMLWatchlistTests_8cpp__incl.pdf>
<HTMLWatchlistTests_8cpp__incl.pdf, id=2564, 510.90875pt x 336.25626pt>
File: HTMLWatchlistTests_8cpp__incl.pdf Graphic file (type pdf)
<use HTMLWatchlistTests_8cpp__incl.pdf>
Package pdftex.def Info: HTMLWatchlistTests_8cpp__incl.pdf  used on input line 
13.
(pdftex.def)             Requested size: 350.0pt x 230.34953pt.

[74]) (./MemoryRepositoryTests_8cpp.tex <./MemoryRepositoryTests_8cpp__incl.pdf
>
<MemoryRepositoryTests_8cpp__incl.pdf, id=2589, 436.63126pt x 280.04625pt>
File: MemoryRepositoryTests_8cpp__incl.pdf Graphic file (type pdf)
<use MemoryRepositoryTests_8cpp__incl.pdf>
Package pdftex.def Info: MemoryRepositoryTests_8cpp__incl.pdf  used on input li
ne 11.
(pdftex.def)             Requested size: 350.0pt x 224.48169pt.
 [75]) (./MemoryWatchlistTests_8cpp.tex <./MemoryWatchlistTests_8cpp__incl.pdf>
<MemoryWatchlistTests_8cpp__incl.pdf, id=2614, 524.96124pt x 336.25626pt>
File: MemoryWatchlistTests_8cpp__incl.pdf Graphic file (type pdf)
<use MemoryWatchlistTests_8cpp__incl.pdf>
Package pdftex.def Info: MemoryWatchlistTests_8cpp__incl.pdf  used on input lin
e 13.
(pdftex.def)             Requested size: 350.0pt x 224.19252pt.
 [76]) [77] [78

] (./refman.ind
LaTeX Font Info:    Font shape `T1/phv/bc/n' will be
(Font)              scaled to size 12.9599pt on input line 1.
 [79

] [80] [81

])
Package atveryend Info: Empty hook `BeforeClearDocument' on input line 238.
Package atveryend Info: Empty hook `AfterLastShipout' on input line 238.
 (./refman.aux)
Package atveryend Info: Executing hook `AtVeryEndDocument' on input line 238.
Package atveryend Info: Executing hook `AtEndAfterFileList' on input line 238.
Package rerunfilecheck Info: File `refman.out' has not changed.
(rerunfilecheck)             Checksum: 9BE66A0E65480DC247669A955DCE4C96;29384.


LaTeX Warning: There were undefined references.

 ) 
Here is how much of TeX's memory you used:
 18093 strings out of 483183
 285629 string characters out of 5966293
 564292 words of memory out of 5000000
 32006 multiletter control sequences out of 15000+600000
 586185 words of font info for 98 fonts, out of 8000000 for 9000
 14 hyphenation exceptions out of 8191
 55i,16n,96p,1128b,627s stack positions out of 5000i,500n,10000p,200000b,80000s
{/usr/share/texlive/texmf-dist/fonts/enc/dvips/base/8r.enc}</usr/share/texliv
e/texmf-dist/fonts/type1/public/amsfonts/cm/cmmi10.pfb></usr/share/texlive/texm
f-dist/fonts/type1/public/amsfonts/cm/cmmi12.pfb></usr/share/texlive/texmf-dist
/fonts/type1/public/amsfonts/cm/cmmi7.pfb></usr/share/texlive/texmf-dist/fonts/
type1/public/amsfonts/cm/cmmi8.pfb></usr/share/texlive/texmf-dist/fonts/type1/p
ublic/amsfonts/cm/cmsy10.pfb></usr/share/texlive/texmf-dist/fonts/type1/public/
amsfonts/cm/cmsy7.pfb></usr/share/texlive/texmf-dist/fonts/type1/urw/courier/uc
rb8a.pfb></usr/share/texlive/texmf-dist/fonts/type1/urw/courier/ucrr8a.pfb></us
r/share/texlive/texmf-dist/fonts/type1/urw/courier/ucrro8a.pfb></usr/share/texl
ive/texmf-dist/fonts/type1/urw/helvetic/uhvb8a.pfb></usr/share/texlive/texmf-di
st/fonts/type1/urw/helvetic/uhvb8ac.pfb></usr/share/texlive/texmf-dist/fonts/ty
pe1/urw/helvetic/uhvr8a.pfb></usr/share/texlive/texmf-dist/fonts/type1/urw/helv
etic/uhvro8a.pfb>
Output written on refman.pdf (84 pages, 780767 bytes).
PDF statistics:
 3055 PDF objects out of 3580 (max. 8388607)
 2645 compressed objects within 27 object streams
 682 named destinations out of 1000 (max. 500000)
 1323 words of extra memory for PDF output out of 10000 (max. 10000000)

